#
# There is insufficient memory for the Java Runtime Environment to continue.
# Native memory allocation (malloc) failed to allocate 32744 bytes for ChunkPool::allocate
# Possible reasons:
#   The system is out of physical RAM or swap space
#   The process is running with CompressedOops enabled, and the Java Heap may be blocking the growth of the native heap
# Possible solutions:
#   Reduce memory load on the system
#   Increase physical memory or swap space
#   Check if swap backing store is full
#   Decrease Java heap size (-Xmx/-Xms)
#   Decrease number of Java threads
#   Decrease Java thread stack sizes (-Xss)
#   Set larger code cache with -XX:ReservedCodeCacheSize=
#   JVM is running with Unscaled Compressed Oops mode in which the Java heap is
#     placed in the first 4GB address space. The Java Heap base address is the
#     maximum limit for the native heap growth. Please use -XX:HeapBaseMinAddress
#     to set the Java Heap base and to place the Java Heap above 4GB virtual address.
# This output file may be truncated or incomplete.
#
#  Out of Memory Error (src/hotspot/share/memory/arena.cpp:81), pid=21628, tid=11532
#
# JRE version: OpenJDK Runtime Environment (11.0.15) (build 11.0.15+0-b2043.56-9505619)
# Java VM: OpenJDK 64-Bit Server VM (11.0.15+0-b2043.56-9505619, mixed mode, tiered, compressed oops, g1 gc, windows-amd64)
# No core dump will be written. Minidumps are not enabled by default on client versions of Windows
#

---------------  S U M M A R Y ------------

Command Line: --add-opens=java.base/java.util=ALL-UNNAMED --add-opens=java.base/java.lang=ALL-UNNAMED --add-opens=java.base/java.lang.invoke=ALL-UNNAMED --add-opens=java.base/java.util=ALL-UNNAMED --add-opens=java.prefs/java.util.prefs=ALL-UNNAMED --add-opens=java.prefs/java.util.prefs=ALL-UNNAMED --add-opens=java.base/java.nio.charset=ALL-UNNAMED --add-opens=java.base/java.net=ALL-UNNAMED --add-opens=java.base/java.util.concurrent.atomic=ALL-UNNAMED -Xmx2048m -Dfile.encoding=UTF-8 -Duser.country=CO -Duser.language=es -Duser.variant org.gradle.launcher.daemon.bootstrap.GradleDaemon 7.5

Host: AMD Ryzen 5 5500U with Radeon Graphics         , 12 cores, 3G,  Windows 11 , 64 bit Build 22621 (10.0.22621.1344)
Time: Mon Apr  3 00:14:22 2023 Hora est. Pacífico, Sudamérica elapsed time: 9962.927276 seconds (0d 2h 46m 2s)

---------------  T H R E A D  ---------------

Current thread (0x000001f6ff5d7000):  VMThread "VM Thread" [stack: 0x00000084c8000000,0x00000084c8100000] [id=11532] _threads_hazard_ptr=0x000001f6a2c87530

Stack: [0x00000084c8000000,0x00000084c8100000]
[error occurred during error reporting (printing stack bounds), id 0xc0000005, EXCEPTION_ACCESS_VIOLATION (0xc0000005) at pc=0x000001f683a5112d]

Native frames: (J=compiled Java code, j=interpreted, Vv=VM code, C=native code)
V  [jvm.dll+0x64135a]
V  [jvm.dll+0x7d39f9]
V  [jvm.dll+0x7d51b9]
V  [jvm.dll+0x7d5805]
V  [jvm.dll+0x7d57bb]
V  [jvm.dll+0x640655]
V  [jvm.dll+0x640d68]
C  [ntdll.dll+0xa3cff]
C  [ntdll.dll+0x1e456]
C  [ntdll.dll+0xa2cee]
C  0x000001f683a5112d

VM_Operation (0x00000084c90fcb40): BulkRevokeBias, mode: safepoint, requested by thread 0x000001f69d6aa800


---------------  P R O C E S S  ---------------

Threads class SMR info:
_java_thread_list=0x000001f6a2c87530, length=153, elements={
0x000001f6fb7c1000, 0x000001f6ff5dc800, 0x000001f6ff5e7000, 0x000001f698a92800,
0x000001f6ff5f5800, 0x000001f6ff5f8800, 0x000001f6ff5fa800, 0x000001f6ff5fb800,
0x000001f6ff600000, 0x000001f698bc1800, 0x000001f699f4f000, 0x000001f69aff8000,
0x000001f69aff4800, 0x000001f69af1e800, 0x000001f69af20000, 0x000001f69af20800,
0x000001f69af22800, 0x000001f69af21800, 0x000001f69af25000, 0x000001f69af2a800,
0x000001f69af28000, 0x000001f69af26800, 0x000001f69af2c000, 0x000001f69af2d000,
0x000001f69ef39000, 0x000001f69d6ae800, 0x000001f69d6ac000, 0x000001f69d6b1000,
0x000001f69d6b1800, 0x000001f69d6b2800, 0x000001f69d6af000, 0x000001f69d6ad000,
0x000001f69f2fe000, 0x000001f69f2ff800, 0x000001f69f30c000, 0x000001f69ebac000,
0x000001f6a0737800, 0x000001f69f304800, 0x000001f6a299f800, 0x000001f69f30e000,
0x000001f69f314000, 0x000001f6a29a0800, 0x000001f6a073a000, 0x000001f6a0734800,
0x000001f69f313000, 0x000001f6a072f800, 0x000001f69ef3a800, 0x000001f6a0738800,
0x000001f69ef39800, 0x000001f6a25b1800, 0x000001f6a072e800, 0x000001f6a0724000,
0x000001f69f315000, 0x000001f6a071e800, 0x000001f6a0721000, 0x000001f69f310000,
0x000001f69f310800, 0x000001f69f317000, 0x000001f6a0720000, 0x000001f6a0728000,
0x000001f69f319000, 0x000001f69d6a6800, 0x000001f69d6a7000, 0x000001f6a072e000,
0x000001f6a072c800, 0x000001f69f318000, 0x000001f69f312800, 0x000001f69d6a8000,
0x000001f69d6a8800, 0x000001f69d6a9800, 0x000001f69d6aa800, 0x000001f69d6ab000,
0x000001f69d6a5800, 0x000001f69d6b0000, 0x000001f69d6b3800, 0x000001f69d6ad800,
0x000001f6a25ae800, 0x000001f6a25ad800, 0x000001f6a25af000, 0x000001f6a25b0000,
0x000001f6a25ac000, 0x000001f6a25b0800, 0x000001f6a25b2800, 0x000001f6a25ac800,
0x000001f6a25b5000, 0x000001f6a25b6800, 0x000001f6a25b5800, 0x000001f6a25b8000,
0x000001f6a25b7800, 0x000001f6a25b9000, 0x000001f6a25b3000, 0x000001f6a25b9800,
0x000001f6a25b4000, 0x000001f6a25be800, 0x000001f6a25c0800, 0x000001f6a25bf800,
0x000001f6a25bc000, 0x000001f6a25bb800, 0x000001f6a25ba800, 0x000001f6a25bd000,
0x000001f6a25c1000, 0x000001f6a25c2000, 0x000001f6a25c3800, 0x000001f6a25be000,
0x000001f6a25c4800, 0x000001f6a25c8800, 0x000001f6a25c6000, 0x000001f6a25c7000,
0x000001f6a25c2800, 0x000001f6a25c9000, 0x000001f6a25c5000, 0x000001f6a25ca000,
0x000001f6a25cb000, 0x000001f6a25c7800, 0x000001f69eba9800, 0x000001f69eba5800,
0x000001f69eba6000, 0x000001f69ebaa000, 0x000001f69ebab000, 0x000001f69ebac800,
0x000001f69ebad800, 0x000001f69eba7800, 0x000001f69ebae800, 0x000001f69eba8800,
0x000001f69ebb0000, 0x000001f69ebb4000, 0x000001f69ebaf000, 0x000001f69ebb5800,
0x000001f69ebb5000, 0x000001f69ebb6800, 0x000001f69ebb0800, 0x000001f69ebb3000,
0x000001f69ebb7000, 0x000001f69ebb1800, 0x000001f69ebb8000, 0x000001f69ebb2800,
0x000001f69ebbc000, 0x000001f69ebbe800, 0x000001f69ebbd000, 0x000001f69ebbe000,
0x000001f69ebb9000, 0x000001f69ebba800, 0x000001f69ebbb800, 0x000001f69ebb9800,
0x000001f69ebc1000, 0x000001f69ebc2000, 0x000001f69ebc2800, 0x000001f69ebc4800,
0x000001f69ebbf800, 0x000001f69ebc0000, 0x000001f69ebc3800, 0x000001f6a2989800,
0x000001f6a298b000
}

Java Threads: ( => current thread )
  0x000001f6fb7c1000 JavaThread "main" [_thread_blocked, id=18520, stack(0x00000084c7a00000,0x00000084c7b00000)]
  0x000001f6ff5dc800 JavaThread "Reference Handler" daemon [_thread_blocked, id=18820, stack(0x00000084c8100000,0x00000084c8200000)]
  0x000001f6ff5e7000 JavaThread "Finalizer" daemon [_thread_blocked, id=6684, stack(0x00000084c8200000,0x00000084c8300000)]
  0x000001f698a92800 JavaThread "Signal Dispatcher" daemon [_thread_blocked, id=4368, stack(0x00000084c8300000,0x00000084c8400000)]
  0x000001f6ff5f5800 JavaThread "Attach Listener" daemon [_thread_blocked, id=15228, stack(0x00000084c8400000,0x00000084c8500000)]
  0x000001f6ff5f8800 JavaThread "Service Thread" daemon [_thread_blocked, id=3296, stack(0x00000084c8500000,0x00000084c8600000)]
  0x000001f6ff5fa800 JavaThread "C2 CompilerThread0" daemon [_thread_blocked, id=17112, stack(0x00000084c8600000,0x00000084c8700000)]
  0x000001f6ff5fb800 JavaThread "C1 CompilerThread0" daemon [_thread_blocked, id=22580, stack(0x00000084c8700000,0x00000084c8800000)]
  0x000001f6ff600000 JavaThread "Sweeper thread" daemon [_thread_blocked, id=17028, stack(0x00000084c8800000,0x00000084c8900000)]
  0x000001f698bc1800 JavaThread "Common-Cleaner" daemon [_thread_blocked, id=1812, stack(0x00000084c8900000,0x00000084c8a00000)]
  0x000001f699f4f000 JavaThread "Daemon health stats" [_thread_blocked, id=19360, stack(0x00000084c8c00000,0x00000084c8d00000)]
  0x000001f69aff8000 JavaThread "Incoming local TCP Connector on port 65221" [_thread_in_native, id=21164, stack(0x00000084c8d00000,0x00000084c8e00000)]
  0x000001f69aff4800 JavaThread "Daemon periodic checks" [_thread_blocked, id=12720, stack(0x00000084c8e00000,0x00000084c8f00000)]
  0x000001f69af1e800 JavaThread "Cache worker for journal cache (C:\Users\USUARIO\.gradle\caches\journal-1)" [_thread_blocked, id=1060, stack(0x00000084c9e00000,0x00000084c9f00000)]
  0x000001f69af20000 JavaThread "File lock request listener" [_thread_in_native, id=22420, stack(0x00000084c9f00000,0x00000084ca000000)]
  0x000001f69af20800 JavaThread "Cache worker for file hash cache (C:\Users\USUARIO\.gradle\caches\7.5\fileHashes)" [_thread_blocked, id=2672, stack(0x00000084ca200000,0x00000084ca300000)]
  0x000001f69af22800 JavaThread "File watcher server" daemon [_thread_blocked, id=9548, stack(0x00000084ca300000,0x00000084ca400000)]
  0x000001f69af21800 JavaThread "File watcher consumer" daemon [_thread_blocked, id=8592, stack(0x00000084ca400000,0x00000084ca500000)]
  0x000001f69af25000 JavaThread "Cache worker for file content cache (C:\Users\USUARIO\.gradle\caches\7.5\fileContent)" [_thread_blocked, id=22692, stack(0x00000084ca700000,0x00000084ca800000)]
  0x000001f69af2a800 JavaThread "Cache worker for execution history cache (C:\Users\USUARIO\.gradle\caches\7.5\executionHistory)" [_thread_blocked, id=12388, stack(0x00000084caa00000,0x00000084cab00000)]
  0x000001f69af28000 JavaThread "jar transforms" [_thread_blocked, id=19176, stack(0x00000084cab00000,0x00000084cac00000)]
  0x000001f69af26800 JavaThread "jar transforms Thread 2" [_thread_blocked, id=3960, stack(0x00000084cac00000,0x00000084cad00000)]
  0x000001f69af2c000 JavaThread "jar transforms Thread 3" [_thread_blocked, id=14396, stack(0x00000084cae00000,0x00000084caf00000)]
  0x000001f69af2d000 JavaThread "jar transforms Thread 4" [_thread_blocked, id=19604, stack(0x00000084caf00000,0x00000084cb000000)]
  0x000001f69ef39000 JavaThread "jar transforms Thread 5" [_thread_blocked, id=18084, stack(0x00000084cb100000,0x00000084cb200000)]
  0x000001f69d6ae800 JavaThread "jar transforms Thread 6" [_thread_blocked, id=16464, stack(0x00000084d2c00000,0x00000084d2d00000)]
  0x000001f69d6ac000 JavaThread "jar transforms Thread 7" [_thread_blocked, id=18740, stack(0x00000084d2d00000,0x00000084d2e00000)]
  0x000001f69d6b1000 JavaThread "jar transforms Thread 8" [_thread_blocked, id=3664, stack(0x00000084d2e00000,0x00000084d2f00000)]
  0x000001f69d6b1800 JavaThread "jar transforms Thread 9" [_thread_blocked, id=10824, stack(0x00000084d2f00000,0x00000084d3000000)]
  0x000001f69d6b2800 JavaThread "jar transforms Thread 10" [_thread_blocked, id=10524, stack(0x00000084d3000000,0x00000084d3100000)]
  0x000001f69d6af000 JavaThread "jar transforms Thread 11" [_thread_blocked, id=14832, stack(0x00000084d3100000,0x00000084d3200000)]
  0x000001f69d6ad000 JavaThread "jar transforms Thread 12" [_thread_blocked, id=17524, stack(0x00000084d3200000,0x00000084d3300000)]
  0x000001f69f2fe000 JavaThread "Memory manager" [_thread_blocked, id=16480, stack(0x00000084d3400000,0x00000084d3500000)]
  0x000001f69f2ff800 JavaThread "pool-3-thread-1" [_thread_blocked, id=20332, stack(0x00000084d3500000,0x00000084d3600000)]
  0x000001f69f30c000 JavaThread "Cache worker for Java compile cache (C:\Users\USUARIO\.gradle\caches\7.5\javaCompile)" [_thread_blocked, id=11756, stack(0x00000084d2b00000,0x00000084d2c00000)]
  0x000001f69ebac000 JavaThread "pool-8-thread-1" [_thread_blocked, id=13400, stack(0x00000084d2800000,0x00000084d2900000)]
  0x000001f6a0737800 JavaThread "pool-13-thread-1" [_thread_blocked, id=3140, stack(0x00000084d3300000,0x00000084d3400000)]
  0x000001f69f304800 JavaThread "pool-16-thread-1" [_thread_blocked, id=688, stack(0x00000084d2a00000,0x00000084d2b00000)]
  0x000001f6a299f800 JavaThread "pool-20-thread-1" [_thread_blocked, id=21660, stack(0x00000084d3700000,0x00000084d3800000)]
  0x000001f69f30e000 JavaThread "pool-24-thread-1" [_thread_blocked, id=6588, stack(0x00000084d3600000,0x00000084d3700000)]
  0x000001f69f314000 JavaThread "pool-28-thread-1" [_thread_blocked, id=6628, stack(0x00000084d3900000,0x00000084d3a00000)]
  0x000001f6a29a0800 JavaThread "pool-33-thread-1" [_thread_blocked, id=20684, stack(0x00000084d3800000,0x00000084d3900000)]
  0x000001f6a073a000 JavaThread "pool-36-thread-1" [_thread_blocked, id=22148, stack(0x00000084d3a00000,0x00000084d3b00000)]
  0x000001f6a0734800 JavaThread "pool-40-thread-1" [_thread_blocked, id=17136, stack(0x00000084d3c00000,0x00000084d3d00000)]
  0x000001f69f313000 JavaThread "pool-44-thread-1" [_thread_blocked, id=22496, stack(0x00000084d3b00000,0x00000084d3c00000)]
  0x000001f6a072f800 JavaThread "pool-49-thread-1" [_thread_blocked, id=7620, stack(0x00000084d3d00000,0x00000084d3e00000)]
  0x000001f69ef3a800 JavaThread "pool-54-thread-1" [_thread_blocked, id=4932, stack(0x00000084d3e00000,0x00000084d3f00000)]
  0x000001f6a0738800 JavaThread "pool-58-thread-1" [_thread_blocked, id=9748, stack(0x00000084d4000000,0x00000084d4100000)]
  0x000001f69ef39800 JavaThread "pool-62-thread-1" [_thread_blocked, id=10852, stack(0x00000084d3f00000,0x00000084d4000000)]
  0x000001f6a25b1800 JavaThread "ForkJoinPool.commonPool-worker-1" daemon [_thread_blocked, id=14328, stack(0x00000084d6e00000,0x00000084d6f00000)]
  0x000001f6a072e800 JavaThread "pool-66-thread-1" [_thread_blocked, id=18336, stack(0x00000084d4100000,0x00000084d4200000)]
  0x000001f6a0724000 JavaThread "pool-70-thread-1" [_thread_blocked, id=22448, stack(0x00000084d4200000,0x00000084d4300000)]
  0x000001f69f315000 JavaThread "ForkJoinPool.commonPool-worker-3" daemon [_thread_blocked, id=17556, stack(0x00000084d6c00000,0x00000084d6d00000)]
  0x000001f6a071e800 JavaThread "pool-74-thread-1" [_thread_blocked, id=9700, stack(0x00000084d4300000,0x00000084d4400000)]
  0x000001f6a0721000 JavaThread "pool-78-thread-1" [_thread_blocked, id=4236, stack(0x00000084d4700000,0x00000084d4800000)]
  0x000001f69f310000 JavaThread "ForkJoinPool.commonPool-worker-5" daemon [_thread_blocked, id=20848, stack(0x00000084d7300000,0x00000084d7400000)]
  0x000001f69f310800 JavaThread "ForkJoinPool.commonPool-worker-7" daemon [_thread_blocked, id=13512, stack(0x00000084d7500000,0x00000084d7600000)]
  0x000001f69f317000 JavaThread "ForkJoinPool.commonPool-worker-25" daemon [_thread_blocked, id=18808, stack(0x00000084d7800000,0x00000084d7900000)]
  0x000001f6a0720000 JavaThread "pool-82-thread-1" [_thread_blocked, id=24224, stack(0x00000084d4900000,0x00000084d4a00000)]
  0x000001f6a0728000 JavaThread "pool-86-thread-1" [_thread_blocked, id=23408, stack(0x00000084d4800000,0x00000084d4900000)]
  0x000001f69f319000 JavaThread "ForkJoinPool.commonPool-worker-11" daemon [_thread_blocked, id=8000, stack(0x00000084d7b00000,0x00000084d7c00000)]
  0x000001f69d6a6800 JavaThread "ForkJoinPool.commonPool-worker-15" daemon [_thread_blocked, id=9376, stack(0x00000084d7c00000,0x00000084d7d00000)]
  0x000001f69d6a7000 JavaThread "ForkJoinPool.commonPool-worker-29" daemon [_thread_blocked, id=3676, stack(0x00000084d7d00000,0x00000084d7e00000)]
  0x000001f6a072e000 JavaThread "pool-90-thread-1" [_thread_blocked, id=19772, stack(0x00000084d4a00000,0x00000084d4b00000)]
  0x000001f6a072c800 JavaThread "pool-94-thread-1" [_thread_blocked, id=23932, stack(0x00000084d4b00000,0x00000084d4c00000)]
  0x000001f69f318000 JavaThread "ForkJoinPool.commonPool-worker-9" daemon [_thread_blocked, id=22344, stack(0x00000084d7e00000,0x00000084d7f00000)]
  0x000001f69f312800 JavaThread "ForkJoinPool.commonPool-worker-19" daemon [_thread_blocked, id=17604, stack(0x00000084d7f00000,0x00000084d8000000)]
  0x000001f69d6a8000 JavaThread "Daemon Thread 22" [_thread_blocked, id=4540, stack(0x00000084c7700000,0x00000084c7800000)]
  0x000001f69d6a8800 JavaThread "Handler for socket connection from /127.0.0.1:65221 to /127.0.0.1:61742" [_thread_in_native, id=15260, stack(0x00000084c7900000,0x00000084c7a00000)]
  0x000001f69d6a9800 JavaThread "Cancel handler" [_thread_blocked, id=15736, stack(0x00000084c8f00000,0x00000084c9000000)]
  0x000001f69d6aa800 JavaThread "Daemon worker Thread 22" [_thread_blocked, id=24304, stack(0x00000084c9000000,0x00000084c9100000)]
  0x000001f69d6ab000 JavaThread "Asynchronous log dispatcher for DefaultDaemonConnection: socket connection from /127.0.0.1:65221 to /127.0.0.1:61742" [_thread_blocked, id=15752, stack(0x00000084c9100000,0x00000084c9200000)]
  0x000001f69d6a5800 JavaThread "Stdin handler" [_thread_blocked, id=6044, stack(0x00000084c9200000,0x00000084c9300000)]
  0x000001f69d6b0000 JavaThread "Daemon client event forwarder" [_thread_blocked, id=6752, stack(0x00000084c9400000,0x00000084c9500000)]
  0x000001f69d6b3800 JavaThread "Cache worker for checksums cache (C:\Users\USUARIO\AndroidStudioProjects\PrimeraAplicacion\.gradle\7.5\checksums)" [_thread_blocked, id=23948, stack(0x00000084c9500000,0x00000084c9600000)]
  0x000001f69d6ad800 JavaThread "Cache worker for cache directory md-rule (C:\Users\USUARIO\.gradle\caches\7.5\md-rule)" [_thread_blocked, id=13528, stack(0x00000084ca500000,0x00000084ca600000)]
  0x000001f6a25ae800 JavaThread "Cache worker for file hash cache (C:\Users\USUARIO\AndroidStudioProjects\PrimeraAplicacion\.gradle\7.5\fileHashes)" [_thread_blocked, id=18364, stack(0x00000084ca600000,0x00000084ca700000)]
  0x000001f6a25ad800 JavaThread "Cache worker for cache directory md-supplier (C:\Users\USUARIO\.gradle\caches\7.5\md-supplier)" [_thread_blocked, id=21000, stack(0x00000084ca800000,0x00000084ca900000)]
  0x000001f6a25af000 JavaThread "Cache worker for dependencies-accessors (C:\Users\USUARIO\AndroidStudioProjects\PrimeraAplicacion\.gradle\7.5\dependencies-accessors)" [_thread_blocked, id=12416, stack(0x00000084ca900000,0x00000084caa00000)]
  0x000001f6a25b0000 JavaThread "Cache worker for Build Output Cleanup Cache (C:\Users\USUARIO\AndroidStudioProjects\PrimeraAplicacion\.gradle\buildOutputCleanup)" [_thread_blocked, id=19436, stack(0x00000084cad00000,0x00000084cae00000)]
  0x000001f6a25ac000 JavaThread "Unconstrained build operations" [_thread_blocked, id=16720, stack(0x00000084cb000000,0x00000084cb100000)]
  0x000001f6a25b0800 JavaThread "Unconstrained build operations Thread 2" [_thread_blocked, id=13536, stack(0x00000084cb200000,0x00000084cb300000)]
  0x000001f6a25b2800 JavaThread "Unconstrained build operations Thread 3" [_thread_blocked, id=23316, stack(0x00000084cb300000,0x00000084cb400000)]
  0x000001f6a25ac800 JavaThread "Unconstrained build operations Thread 4" [_thread_blocked, id=13744, stack(0x00000084cb400000,0x00000084cb500000)]
  0x000001f6a25b5000 JavaThread "Unconstrained build operations Thread 5" [_thread_blocked, id=23888, stack(0x00000084cb500000,0x00000084cb600000)]
  0x000001f6a25b6800 JavaThread "Unconstrained build operations Thread 6" [_thread_blocked, id=22832, stack(0x00000084cb600000,0x00000084cb700000)]
  0x000001f6a25b5800 JavaThread "Unconstrained build operations Thread 7" [_thread_blocked, id=5684, stack(0x00000084cb700000,0x00000084cb800000)]
  0x000001f6a25b8000 JavaThread "Unconstrained build operations Thread 8" [_thread_blocked, id=20828, stack(0x00000084cb800000,0x00000084cb900000)]
  0x000001f6a25b7800 JavaThread "Unconstrained build operations Thread 9" [_thread_blocked, id=12600, stack(0x00000084cb900000,0x00000084cba00000)]
  0x000001f6a25b9000 JavaThread "Unconstrained build operations Thread 10" [_thread_blocked, id=19132, stack(0x00000084cba00000,0x00000084cbb00000)]
  0x000001f6a25b3000 JavaThread "Unconstrained build operations Thread 11" [_thread_blocked, id=22524, stack(0x00000084cbb00000,0x00000084cbc00000)]
  0x000001f6a25b9800 JavaThread "Unconstrained build operations Thread 12" [_thread_blocked, id=22568, stack(0x00000084cbc00000,0x00000084cbd00000)]
  0x000001f6a25b4000 JavaThread "Unconstrained build operations Thread 13" [_thread_blocked, id=10468, stack(0x00000084cbd00000,0x00000084cbe00000)]
  0x000001f6a25be800 JavaThread "Unconstrained build operations Thread 14" [_thread_blocked, id=9048, stack(0x00000084cbe00000,0x00000084cbf00000)]
  0x000001f6a25c0800 JavaThread "Unconstrained build operations Thread 15" [_thread_blocked, id=19288, stack(0x00000084cbf00000,0x00000084cc000000)]
  0x000001f6a25bf800 JavaThread "Unconstrained build operations Thread 16" [_thread_blocked, id=20372, stack(0x00000084cc000000,0x00000084cc100000)]
  0x000001f6a25bc000 JavaThread "Unconstrained build operations Thread 17" [_thread_blocked, id=5580, stack(0x00000084cc100000,0x00000084cc200000)]
  0x000001f6a25bb800 JavaThread "Unconstrained build operations Thread 18" [_thread_blocked, id=8488, stack(0x00000084cc200000,0x00000084cc300000)]
  0x000001f6a25ba800 JavaThread "Unconstrained build operations Thread 19" [_thread_blocked, id=8412, stack(0x00000084cc300000,0x00000084cc400000)]
  0x000001f6a25bd000 JavaThread "Unconstrained build operations Thread 20" [_thread_blocked, id=17572, stack(0x00000084cc400000,0x00000084cc500000)]
  0x000001f6a25c1000 JavaThread "Unconstrained build operations Thread 21" [_thread_blocked, id=16160, stack(0x00000084cc500000,0x00000084cc600000)]
  0x000001f6a25c2000 JavaThread "Unconstrained build operations Thread 22" [_thread_blocked, id=19108, stack(0x00000084cc600000,0x00000084cc700000)]
  0x000001f6a25c3800 JavaThread "Unconstrained build operations Thread 23" [_thread_blocked, id=12896, stack(0x00000084cc700000,0x00000084cc800000)]
  0x000001f6a25be000 JavaThread "Unconstrained build operations Thread 24" [_thread_blocked, id=10388, stack(0x00000084cc800000,0x00000084cc900000)]
  0x000001f6a25c4800 JavaThread "Unconstrained build operations Thread 25" [_thread_blocked, id=8432, stack(0x00000084cc900000,0x00000084cca00000)]
  0x000001f6a25c8800 JavaThread "Unconstrained build operations Thread 26" [_thread_blocked, id=21948, stack(0x00000084cca00000,0x00000084ccb00000)]
  0x000001f6a25c6000 JavaThread "Unconstrained build operations Thread 27" [_thread_blocked, id=13704, stack(0x00000084ccb00000,0x00000084ccc00000)]
  0x000001f6a25c7000 JavaThread "Unconstrained build operations Thread 28" [_thread_blocked, id=10784, stack(0x00000084ccc00000,0x00000084ccd00000)]
  0x000001f6a25c2800 JavaThread "Unconstrained build operations Thread 29" [_thread_blocked, id=8900, stack(0x00000084ccd00000,0x00000084cce00000)]
  0x000001f6a25c9000 JavaThread "Unconstrained build operations Thread 30" [_thread_blocked, id=18800, stack(0x00000084cce00000,0x00000084ccf00000)]
  0x000001f6a25c5000 JavaThread "Unconstrained build operations Thread 31" [_thread_blocked, id=20068, stack(0x00000084ccf00000,0x00000084cd000000)]
  0x000001f6a25ca000 JavaThread "Unconstrained build operations Thread 32" [_thread_blocked, id=18624, stack(0x00000084cd000000,0x00000084cd100000)]
  0x000001f6a25cb000 JavaThread "Unconstrained build operations Thread 33" [_thread_blocked, id=8024, stack(0x00000084cd100000,0x00000084cd200000)]
  0x000001f6a25c7800 JavaThread "Unconstrained build operations Thread 34" [_thread_blocked, id=9956, stack(0x00000084cd200000,0x00000084cd300000)]
  0x000001f69eba9800 JavaThread "Unconstrained build operations Thread 35" [_thread_blocked, id=23792, stack(0x00000084cd300000,0x00000084cd400000)]
  0x000001f69eba5800 JavaThread "Unconstrained build operations Thread 36" [_thread_blocked, id=23608, stack(0x00000084cd400000,0x00000084cd500000)]
  0x000001f69eba6000 JavaThread "Unconstrained build operations Thread 37" [_thread_blocked, id=17328, stack(0x00000084cd500000,0x00000084cd600000)]
  0x000001f69ebaa000 JavaThread "Unconstrained build operations Thread 38" [_thread_blocked, id=6608, stack(0x00000084cd600000,0x00000084cd700000)]
  0x000001f69ebab000 JavaThread "Unconstrained build operations Thread 39" [_thread_blocked, id=22992, stack(0x00000084cd700000,0x00000084cd800000)]
  0x000001f69ebac800 JavaThread "Unconstrained build operations Thread 40" [_thread_blocked, id=5168, stack(0x00000084cd800000,0x00000084cd900000)]
  0x000001f69ebad800 JavaThread "Unconstrained build operations Thread 41" [_thread_blocked, id=7068, stack(0x00000084cd900000,0x00000084cda00000)]
  0x000001f69eba7800 JavaThread "Unconstrained build operations Thread 42" [_thread_blocked, id=24216, stack(0x00000084cda00000,0x00000084cdb00000)]
  0x000001f69ebae800 JavaThread "Unconstrained build operations Thread 43" [_thread_blocked, id=23504, stack(0x00000084cdb00000,0x00000084cdc00000)]
  0x000001f69eba8800 JavaThread "Unconstrained build operations Thread 44" [_thread_blocked, id=14296, stack(0x00000084cdc00000,0x00000084cdd00000)]
  0x000001f69ebb0000 JavaThread "Unconstrained build operations Thread 45" [_thread_blocked, id=21244, stack(0x00000084cdd00000,0x00000084cde00000)]
  0x000001f69ebb4000 JavaThread "Unconstrained build operations Thread 46" [_thread_blocked, id=21220, stack(0x00000084cde00000,0x00000084cdf00000)]
  0x000001f69ebaf000 JavaThread "Unconstrained build operations Thread 47" [_thread_blocked, id=12968, stack(0x00000084cdf00000,0x00000084ce000000)]
  0x000001f69ebb5800 JavaThread "Unconstrained build operations Thread 48" [_thread_blocked, id=21732, stack(0x00000084ce000000,0x00000084ce100000)]
  0x000001f69ebb5000 JavaThread "Unconstrained build operations Thread 49" [_thread_blocked, id=18404, stack(0x00000084ce100000,0x00000084ce200000)]
  0x000001f69ebb6800 JavaThread "Unconstrained build operations Thread 50" [_thread_blocked, id=10564, stack(0x00000084ce200000,0x00000084ce300000)]
  0x000001f69ebb0800 JavaThread "Unconstrained build operations Thread 51" [_thread_blocked, id=21396, stack(0x00000084ce300000,0x00000084ce400000)]
  0x000001f69ebb3000 JavaThread "Unconstrained build operations Thread 52" [_thread_blocked, id=5200, stack(0x00000084ce400000,0x00000084ce500000)]
  0x000001f69ebb7000 JavaThread "Unconstrained build operations Thread 53" [_thread_blocked, id=19380, stack(0x00000084ce500000,0x00000084ce600000)]
  0x000001f69ebb1800 JavaThread "Unconstrained build operations Thread 54" [_thread_blocked, id=14968, stack(0x00000084ce600000,0x00000084ce700000)]
  0x000001f69ebb8000 JavaThread "Unconstrained build operations Thread 55" [_thread_blocked, id=8876, stack(0x00000084ce700000,0x00000084ce800000)]
  0x000001f69ebb2800 JavaThread "Unconstrained build operations Thread 56" [_thread_blocked, id=2076, stack(0x00000084ce800000,0x00000084ce900000)]
  0x000001f69ebbc000 JavaThread "Unconstrained build operations Thread 57" [_thread_blocked, id=19860, stack(0x00000084ce900000,0x00000084cea00000)]
  0x000001f69ebbe800 JavaThread "Unconstrained build operations Thread 58" [_thread_blocked, id=7628, stack(0x00000084cea00000,0x00000084ceb00000)]
  0x000001f69ebbd000 JavaThread "Unconstrained build operations Thread 59" [_thread_blocked, id=8404, stack(0x00000084ceb00000,0x00000084cec00000)]
  0x000001f69ebbe000 JavaThread "Unconstrained build operations Thread 60" [_thread_blocked, id=18764, stack(0x00000084cec00000,0x00000084ced00000)]
  0x000001f69ebb9000 JavaThread "Unconstrained build operations Thread 61" [_thread_blocked, id=9124, stack(0x00000084ced00000,0x00000084cee00000)]
  0x000001f69ebba800 JavaThread "Unconstrained build operations Thread 62" [_thread_blocked, id=20700, stack(0x00000084cee00000,0x00000084cef00000)]
  0x000001f69ebbb800 JavaThread "Unconstrained build operations Thread 63" [_thread_blocked, id=12948, stack(0x00000084cef00000,0x00000084cf000000)]
  0x000001f69ebb9800 JavaThread "Unconstrained build operations Thread 64" [_thread_blocked, id=4748, stack(0x00000084cf000000,0x00000084cf100000)]
  0x000001f69ebc1000 JavaThread "Unconstrained build operations Thread 65" [_thread_blocked, id=17324, stack(0x00000084cf100000,0x00000084cf200000)]
  0x000001f69ebc2000 JavaThread "Unconstrained build operations Thread 66" [_thread_blocked, id=6724, stack(0x00000084cf200000,0x00000084cf300000)]
  0x000001f69ebc2800 JavaThread "Unconstrained build operations Thread 67" [_thread_blocked, id=13128, stack(0x00000084cf300000,0x00000084cf400000)]
  0x000001f69ebc4800 JavaThread "Unconstrained build operations Thread 68" [_thread_blocked, id=22032, stack(0x00000084cf400000,0x00000084cf500000)]
  0x000001f69ebbf800 JavaThread "Unconstrained build operations Thread 69" [_thread_blocked, id=8040, stack(0x00000084cf500000,0x00000084cf600000)]
  0x000001f69ebc0000 JavaThread "Unconstrained build operations Thread 70" [_thread_blocked, id=10248, stack(0x00000084cf600000,0x00000084cf700000)]
  0x000001f69ebc3800 JavaThread "Unconstrained build operations Thread 71" [_thread_blocked, id=9424, stack(0x00000084cf700000,0x00000084cf800000)]
  0x000001f6a2989800 JavaThread "Unconstrained build operations Thread 72" [_thread_blocked, id=3404, stack(0x00000084cf800000,0x00000084cf900000)]
  0x000001f6a298b000 JavaThread "Unconstrained build operations Thread 73" [_thread_blocked, id=21664, stack(0x00000084cf900000,0x00000084cfa00000)]

Other Threads:
=>0x000001f6ff5d7000 VMThread "VM Thread" [stack: 0x00000084c8000000,0x00000084c8100000] [id=11532] _threads_hazard_ptr=0x000001f6a2c87530
  0x000001f698bd8800 WatcherThread [stack: 0x00000084c8a00000,0x00000084c8b00000] [id=23760]
  0x000001f6fb7da800 GCTaskThread "GC Thread#0" [stack: 0x00000084c7b00000,0x00000084c7c00000] [id=21476]
  0x000001f699a71800 GCTaskThread "GC Thread#1" [stack: 0x00000084c8b00000,0x00000084c8c00000] [id=23176]
  0x000001f699a71000 GCTaskThread "GC Thread#2" [stack: 0x00000084c9600000,0x00000084c9700000] [id=23612]
  0x000001f699a76000 GCTaskThread "GC Thread#3" [stack: 0x00000084c9700000,0x00000084c9800000] [id=12812]
  0x000001f699a78000 GCTaskThread "GC Thread#4" [stack: 0x00000084c9800000,0x00000084c9900000] [id=2328]
  0x000001f699a72800 GCTaskThread "GC Thread#5" [stack: 0x00000084c9900000,0x00000084c9a00000] [id=7488]
  0x000001f699a77000 GCTaskThread "GC Thread#6" [stack: 0x00000084c9a00000,0x00000084c9b00000] [id=13208]
  0x000001f699a73000 GCTaskThread "GC Thread#7" [stack: 0x00000084c9b00000,0x00000084c9c00000] [id=17612]
  0x000001f699a75800 GCTaskThread "GC Thread#8" [stack: 0x00000084c9c00000,0x00000084c9d00000] [id=12084]
  0x000001f699a77800 GCTaskThread "GC Thread#9" [stack: 0x00000084c9d00000,0x00000084c9e00000] [id=4256]
  0x000001f6fb80e800 ConcurrentGCThread "G1 Main Marker" [stack: 0x00000084c7c00000,0x00000084c7d00000] [id=6220]
  0x000001f6fb80f800 ConcurrentGCThread "G1 Conc#0" [stack: 0x00000084c7d00000,0x00000084c7e00000] [id=19316]
  0x000001f699a74000 ConcurrentGCThread "G1 Conc#1" [stack: 0x00000084ca000000,0x00000084ca100000] [id=5860]
  0x000001f699a74800 ConcurrentGCThread "G1 Conc#2" [stack: 0x00000084ca100000,0x00000084ca200000] [id=3440]
  0x000001f6fb86f800 ConcurrentGCThread "G1 Refine#0" [stack: 0x00000084c7e00000,0x00000084c7f00000] [id=22424]
  0x000001f6a4ae2800 ConcurrentGCThread "G1 Refine#1" [stack: 0x00000084d4400000,0x00000084d4500000] [id=708]
  0x000001f6a4ed4800 ConcurrentGCThread "G1 Refine#2" [stack: 0x00000084d4500000,0x00000084d4600000] [id=15524]
  0x000001f6a4efa800 ConcurrentGCThread "G1 Refine#3" [stack: 0x00000084d4600000,0x00000084d4700000] [id=13568]
  0x000001f6a887d000 ConcurrentGCThread "G1 Refine#4" [stack: 0x00000084c9300000,0x00000084c9400000] [id=10144]
  0x000001f6fb870800 ConcurrentGCThread "G1 Young RemSet Sampling" [stack: 0x00000084c7f00000,0x00000084c8000000] [id=19536]

Threads with active compile tasks:

VM state:at safepoint (normal execution)

VM Mutex/Monitor currently owned by a thread:  ([mutex/lock_event])
[0x000001f6fb7bc870] Threads_lock - owner thread: 0x000001f6ff5d7000

OutOfMemory and StackOverflow Exception counts:
OutOfMemoryError java_heap_errors=1
LinkageErrors=309

Heap address: 0x0000000080000000, size: 2048 MB, Compressed Oops mode: 32-bit
Narrow klass base: 0x0000000000000000, Narrow klass shift: 3
Compressed class space size: 1073741824 Address: 0x0000000100000000

Heap:
 garbage-first heap   total 251904K, used 126191K [0x0000000080000000, 0x0000000100000000)
  region size 1024K, 12 young (12288K), 3 survivors (3072K)
 Metaspace       used 141622K, capacity 146637K, committed 147248K, reserved 1177600K
  class space    used 17307K, capacity 19087K, committed 19584K, reserved 1048576K
Heap Regions: E=young(eden), S=young(survivor), O=old, HS=humongous(starts), HC=humongous(continues), CS=collection set, F=free, A=archive, TAMS=top-at-mark-start (previous, next)
|   0|0x0000000080000000, 0x0000000080100000, 0x0000000080100000|100%| O|  |TAMS 0x0000000080100000, 0x0000000080000000| Untracked 
|   1|0x0000000080100000, 0x0000000080200000, 0x0000000080200000|100%| O|  |TAMS 0x0000000080200000, 0x0000000080100000| Untracked 
|   2|0x0000000080200000, 0x0000000080300000, 0x0000000080300000|100%| O|  |TAMS 0x0000000080300000, 0x0000000080200000| Complete 
|   3|0x0000000080300000, 0x0000000080400000, 0x0000000080400000|100%|HS|  |TAMS 0x0000000080400000, 0x0000000080300000| Complete 
|   4|0x0000000080400000, 0x0000000080500000, 0x0000000080500000|100%|HC|  |TAMS 0x0000000080500000, 0x0000000080400000| Complete 
|   5|0x0000000080500000, 0x0000000080600000, 0x0000000080600000|100%|HC|  |TAMS 0x0000000080600000, 0x0000000080500000| Complete 
|   6|0x0000000080600000, 0x0000000080700000, 0x0000000080700000|100%| O|  |TAMS 0x0000000080700000, 0x0000000080600000| Untracked 
|   7|0x0000000080700000, 0x0000000080800000, 0x0000000080800000|100%| O|  |TAMS 0x0000000080800000, 0x0000000080700000| Untracked 
|   8|0x0000000080800000, 0x0000000080900000, 0x0000000080900000|100%| O|  |TAMS 0x0000000080900000, 0x0000000080800000| Untracked 
|   9|0x0000000080900000, 0x0000000080a00000, 0x0000000080a00000|100%| O|  |TAMS 0x0000000080a00000, 0x0000000080900000| Complete 
|  10|0x0000000080a00000, 0x0000000080b00000, 0x0000000080b00000|100%| O|  |TAMS 0x0000000080b00000, 0x0000000080a00000| Untracked 
|  11|0x0000000080b00000, 0x0000000080c00000, 0x0000000080c00000|100%| O|  |TAMS 0x0000000080c00000, 0x0000000080b00000| Untracked 
|  12|0x0000000080c00000, 0x0000000080d00000, 0x0000000080d00000|100%| O|  |TAMS 0x0000000080d00000, 0x0000000080c00000| Untracked 
|  13|0x0000000080d00000, 0x0000000080e00000, 0x0000000080e00000|100%| O|  |TAMS 0x0000000080e00000, 0x0000000080d00000| Untracked 
|  14|0x0000000080e00000, 0x0000000080f00000, 0x0000000080f00000|100%| O|  |TAMS 0x0000000080f00000, 0x0000000080e00000| Complete 
|  15|0x0000000080f00000, 0x0000000081000000, 0x0000000081000000|100%| O|  |TAMS 0x0000000081000000, 0x0000000080f00000| Complete 
|  16|0x0000000081000000, 0x0000000081100000, 0x0000000081100000|100%| O|  |TAMS 0x0000000081100000, 0x0000000081000000| Complete 
|  17|0x0000000081100000, 0x0000000081200000, 0x0000000081200000|100%| O|  |TAMS 0x0000000081200000, 0x0000000081100000| Complete 
|  18|0x0000000081200000, 0x0000000081300000, 0x0000000081300000|100%| O|  |TAMS 0x0000000081300000, 0x0000000081200000| Complete 
|  19|0x0000000081300000, 0x0000000081400000, 0x0000000081400000|100%| O|  |TAMS 0x0000000081400000, 0x0000000081300000| Untracked 
|  20|0x0000000081400000, 0x0000000081500000, 0x0000000081500000|100%| O|  |TAMS 0x0000000081500000, 0x0000000081400000| Complete 
|  21|0x0000000081500000, 0x0000000081600000, 0x0000000081600000|100%| O|  |TAMS 0x0000000081600000, 0x0000000081500000| Complete 
|  22|0x0000000081600000, 0x0000000081700000, 0x0000000081700000|100%| O|  |TAMS 0x0000000081700000, 0x0000000081600000| Complete 
|  23|0x0000000081700000, 0x0000000081800000, 0x0000000081800000|100%| O|  |TAMS 0x0000000081800000, 0x0000000081700000| Untracked 
|  24|0x0000000081800000, 0x0000000081900000, 0x0000000081900000|100%| O|  |TAMS 0x0000000081900000, 0x0000000081800000| Untracked 
|  25|0x0000000081900000, 0x0000000081a00000, 0x0000000081a00000|100%| O|  |TAMS 0x0000000081a00000, 0x0000000081900000| Complete 
|  26|0x0000000081a00000, 0x0000000081b00000, 0x0000000081b00000|100%| O|  |TAMS 0x0000000081b00000, 0x0000000081a00000| Complete 
|  27|0x0000000081b00000, 0x0000000081c00000, 0x0000000081c00000|100%| O|  |TAMS 0x0000000081c00000, 0x0000000081b00000| Complete 
|  28|0x0000000081c00000, 0x0000000081d00000, 0x0000000081d00000|100%| O|  |TAMS 0x0000000081d00000, 0x0000000081c00000| Untracked 
|  29|0x0000000081d00000, 0x0000000081e00000, 0x0000000081e00000|100%| O|  |TAMS 0x0000000081e00000, 0x0000000081d00000| Untracked 
|  30|0x0000000081e00000, 0x0000000081e00000, 0x0000000081f00000|  0%| F|  |TAMS 0x0000000081e00000, 0x0000000081e00000| Untracked 
|  31|0x0000000081f00000, 0x0000000082000000, 0x0000000082000000|100%| O|  |TAMS 0x0000000082000000, 0x0000000081f00000| Complete 
|  32|0x0000000082000000, 0x0000000082100000, 0x0000000082100000|100%| O|  |TAMS 0x0000000082100000, 0x0000000082000000| Untracked 
|  33|0x0000000082100000, 0x0000000082200000, 0x0000000082200000|100%| O|  |TAMS 0x0000000082200000, 0x0000000082100000| Untracked 
|  34|0x0000000082200000, 0x0000000082200000, 0x0000000082300000|  0%| F|  |TAMS 0x0000000082200000, 0x0000000082200000| Untracked 
|  35|0x0000000082300000, 0x0000000082400000, 0x0000000082400000|100%|HS|  |TAMS 0x0000000082400000, 0x0000000082300000| Complete 
|  36|0x0000000082400000, 0x0000000082500000, 0x0000000082500000|100%|HS|  |TAMS 0x0000000082500000, 0x0000000082400000| Complete 
|  37|0x0000000082500000, 0x0000000082600000, 0x0000000082600000|100%| O|  |TAMS 0x0000000082600000, 0x0000000082500000| Untracked 
|  38|0x0000000082600000, 0x0000000082700000, 0x0000000082700000|100%| O|  |TAMS 0x0000000082700000, 0x0000000082600000| Untracked 
|  39|0x0000000082700000, 0x0000000082800000, 0x0000000082800000|100%| O|  |TAMS 0x0000000082800000, 0x0000000082700000| Untracked 
|  40|0x0000000082800000, 0x0000000082900000, 0x0000000082900000|100%| O|  |TAMS 0x0000000082900000, 0x0000000082800000| Complete 
|  41|0x0000000082900000, 0x0000000082a00000, 0x0000000082a00000|100%| O|  |TAMS 0x0000000082a00000, 0x0000000082900000| Untracked 
|  42|0x0000000082a00000, 0x0000000082b00000, 0x0000000082b00000|100%| O|  |TAMS 0x0000000082b00000, 0x0000000082a00000| Untracked 
|  43|0x0000000082b00000, 0x0000000082c00000, 0x0000000082c00000|100%| O|  |TAMS 0x0000000082c00000, 0x0000000082b00000| Untracked 
|  44|0x0000000082c00000, 0x0000000082c00000, 0x0000000082d00000|  0%| F|  |TAMS 0x0000000082c00000, 0x0000000082c00000| Untracked 
|  45|0x0000000082d00000, 0x0000000082e00000, 0x0000000082e00000|100%| O|  |TAMS 0x0000000082e00000, 0x0000000082d00000| Complete 
|  46|0x0000000082e00000, 0x0000000082f00000, 0x0000000082f00000|100%| O|  |TAMS 0x0000000082f00000, 0x0000000082e00000| Complete 
|  47|0x0000000082f00000, 0x0000000083000000, 0x0000000083000000|100%| O|  |TAMS 0x0000000083000000, 0x0000000082f00000| Complete 
|  48|0x0000000083000000, 0x0000000083000000, 0x0000000083100000|  0%| F|  |TAMS 0x0000000083000000, 0x0000000083000000| Untracked 
|  49|0x0000000083100000, 0x0000000083200000, 0x0000000083200000|100%| O|  |TAMS 0x0000000083200000, 0x0000000083100000| Untracked 
|  50|0x0000000083200000, 0x0000000083300000, 0x0000000083300000|100%| O|  |TAMS 0x0000000083300000, 0x0000000083200000| Complete 
|  51|0x0000000083300000, 0x0000000083400000, 0x0000000083400000|100%| O|  |TAMS 0x0000000083400000, 0x0000000083300000| Complete 
|  52|0x0000000083400000, 0x0000000083500000, 0x0000000083500000|100%| O|  |TAMS 0x0000000083500000, 0x0000000083400000| Untracked 
|  53|0x0000000083500000, 0x0000000083600000, 0x0000000083600000|100%| O|  |TAMS 0x0000000083600000, 0x0000000083500000| Complete 
|  54|0x0000000083600000, 0x0000000083700000, 0x0000000083700000|100%| O|  |TAMS 0x0000000083700000, 0x0000000083600000| Complete 
|  55|0x0000000083700000, 0x0000000083800000, 0x0000000083800000|100%| O|  |TAMS 0x0000000083800000, 0x0000000083700000| Untracked 
|  56|0x0000000083800000, 0x0000000083800000, 0x0000000083900000|  0%| F|  |TAMS 0x0000000083800000, 0x0000000083800000| Untracked 
|  57|0x0000000083900000, 0x0000000083a00000, 0x0000000083a00000|100%| O|  |TAMS 0x0000000083a00000, 0x0000000083900000| Complete 
|  58|0x0000000083a00000, 0x0000000083a00000, 0x0000000083b00000|  0%| F|  |TAMS 0x0000000083a00000, 0x0000000083a00000| Untracked 
|  59|0x0000000083b00000, 0x0000000083c00000, 0x0000000083c00000|100%| O|  |TAMS 0x0000000083c00000, 0x0000000083b00000| Complete 
|  60|0x0000000083c00000, 0x0000000083d00000, 0x0000000083d00000|100%| O|  |TAMS 0x0000000083d00000, 0x0000000083c00000| Untracked 
|  61|0x0000000083d00000, 0x0000000083e00000, 0x0000000083e00000|100%| O|  |TAMS 0x0000000083e00000, 0x0000000083d00000| Untracked 
|  62|0x0000000083e00000, 0x0000000083f00000, 0x0000000083f00000|100%| O|  |TAMS 0x0000000083f00000, 0x0000000083e00000| Untracked 
|  63|0x0000000083f00000, 0x0000000084000000, 0x0000000084000000|100%| O|  |TAMS 0x0000000084000000, 0x0000000083f00000| Complete 
|  64|0x0000000084000000, 0x0000000084100000, 0x0000000084100000|100%| O|  |TAMS 0x0000000084100000, 0x0000000084000000| Complete 
|  65|0x0000000084100000, 0x0000000084200000, 0x0000000084200000|100%| O|  |TAMS 0x0000000084200000, 0x0000000084100000| Untracked 
|  66|0x0000000084200000, 0x0000000084300000, 0x0000000084300000|100%| O|  |TAMS 0x0000000084300000, 0x0000000084200000| Complete 
|  67|0x0000000084300000, 0x0000000084400000, 0x0000000084400000|100%| O|  |TAMS 0x0000000084400000, 0x0000000084300000| Untracked 
|  68|0x0000000084400000, 0x0000000084500000, 0x0000000084500000|100%| O|  |TAMS 0x0000000084500000, 0x0000000084400000| Complete 
|  69|0x0000000084500000, 0x0000000084600000, 0x0000000084600000|100%| O|  |TAMS 0x0000000084600000, 0x0000000084500000| Untracked 
|  70|0x0000000084600000, 0x0000000084700000, 0x0000000084700000|100%| O|  |TAMS 0x0000000084700000, 0x0000000084600000| Untracked 
|  71|0x0000000084700000, 0x0000000084800000, 0x0000000084800000|100%| O|  |TAMS 0x0000000084800000, 0x0000000084700000| Untracked 
|  72|0x0000000084800000, 0x0000000084900000, 0x0000000084900000|100%| O|  |TAMS 0x0000000084900000, 0x0000000084800000| Complete 
|  73|0x0000000084900000, 0x0000000084a00000, 0x0000000084a00000|100%| O|  |TAMS 0x0000000084a00000, 0x0000000084900000| Untracked 
|  74|0x0000000084a00000, 0x0000000084b00000, 0x0000000084b00000|100%| O|  |TAMS 0x0000000084b00000, 0x0000000084a00000| Untracked 
|  75|0x0000000084b00000, 0x0000000084c00000, 0x0000000084c00000|100%|HS|  |TAMS 0x0000000084b00000, 0x0000000084b00000| Complete 
|  76|0x0000000084c00000, 0x0000000084d00000, 0x0000000084d00000|100%|HC|  |TAMS 0x0000000084c00000, 0x0000000084c00000| Complete 
|  77|0x0000000084d00000, 0x0000000084e00000, 0x0000000084e00000|100%| O|  |TAMS 0x0000000084e00000, 0x0000000084d00000| Untracked 
|  78|0x0000000084e00000, 0x0000000084f00000, 0x0000000084f00000|100%| O|  |TAMS 0x0000000084f00000, 0x0000000084e00000| Complete 
|  79|0x0000000084f00000, 0x0000000085000000, 0x0000000085000000|100%| O|  |TAMS 0x0000000085000000, 0x0000000084f00000| Untracked 
|  80|0x0000000085000000, 0x0000000085000000, 0x0000000085100000|  0%| F|  |TAMS 0x0000000085000000, 0x0000000085000000| Untracked 
|  81|0x0000000085100000, 0x0000000085200000, 0x0000000085200000|100%| O|  |TAMS 0x0000000085200000, 0x0000000085100000| Complete 
|  82|0x0000000085200000, 0x0000000085300000, 0x0000000085300000|100%| O|  |TAMS 0x0000000085300000, 0x0000000085200000| Complete 
|  83|0x0000000085300000, 0x0000000085400000, 0x0000000085400000|100%| O|  |TAMS 0x0000000085400000, 0x0000000085300000| Complete 
|  84|0x0000000085400000, 0x0000000085500000, 0x0000000085500000|100%| O|  |TAMS 0x0000000085500000, 0x0000000085400000| Complete 
|  85|0x0000000085500000, 0x0000000085600000, 0x0000000085600000|100%| O|  |TAMS 0x0000000085600000, 0x0000000085500000| Complete 
|  86|0x0000000085600000, 0x0000000085700000, 0x0000000085700000|100%| O|  |TAMS 0x0000000085700000, 0x0000000085600000| Complete 
|  87|0x0000000085700000, 0x0000000085800000, 0x0000000085800000|100%| O|  |TAMS 0x0000000085800000, 0x0000000085700000| Complete 
|  88|0x0000000085800000, 0x0000000085800000, 0x0000000085900000|  0%| F|  |TAMS 0x0000000085800000, 0x0000000085800000| Untracked 
|  89|0x0000000085900000, 0x0000000085a00000, 0x0000000085a00000|100%| O|  |TAMS 0x0000000085a00000, 0x0000000085900000| Complete 
|  90|0x0000000085a00000, 0x0000000085b00000, 0x0000000085b00000|100%| O|  |TAMS 0x0000000085b00000, 0x0000000085a00000| Complete 
|  91|0x0000000085b00000, 0x0000000085c00000, 0x0000000085c00000|100%| O|  |TAMS 0x0000000085c00000, 0x0000000085b00000| Complete 
|  92|0x0000000085c00000, 0x0000000085d00000, 0x0000000085d00000|100%|HS|  |TAMS 0x0000000085d00000, 0x0000000085c00000| Complete 
|  93|0x0000000085d00000, 0x0000000085e00000, 0x0000000085e00000|100%|HC|  |TAMS 0x0000000085e00000, 0x0000000085d00000| Complete 
|  94|0x0000000085e00000, 0x0000000085f00000, 0x0000000085f00000|100%| O|  |TAMS 0x0000000085f00000, 0x0000000085e00000| Complete 
|  95|0x0000000085f00000, 0x0000000086000000, 0x0000000086000000|100%| O|  |TAMS 0x0000000086000000, 0x0000000085f00000| Complete 
|  96|0x0000000086000000, 0x0000000086000000, 0x0000000086100000|  0%| F|  |TAMS 0x0000000086000000, 0x0000000086000000| Untracked 
|  97|0x0000000086100000, 0x0000000086100000, 0x0000000086200000|  0%| F|  |TAMS 0x0000000086100000, 0x0000000086100000| Untracked 
|  98|0x0000000086200000, 0x0000000086300000, 0x0000000086300000|100%| O|  |TAMS 0x0000000086300000, 0x0000000086200000| Complete 
|  99|0x0000000086300000, 0x0000000086400000, 0x0000000086400000|100%| O|  |TAMS 0x0000000086400000, 0x0000000086300000| Complete 
| 100|0x0000000086400000, 0x0000000086400000, 0x0000000086500000|  0%| F|  |TAMS 0x0000000086400000, 0x0000000086400000| Untracked 
| 101|0x0000000086500000, 0x0000000086600000, 0x0000000086600000|100%| O|  |TAMS 0x0000000086600000, 0x0000000086500000| Untracked 
| 102|0x0000000086600000, 0x0000000086700000, 0x0000000086700000|100%| O|  |TAMS 0x0000000086700000, 0x0000000086600000| Complete 
| 103|0x0000000086700000, 0x0000000086800000, 0x0000000086800000|100%| O|  |TAMS 0x0000000086800000, 0x0000000086700000| Complete 
| 104|0x0000000086800000, 0x0000000086900000, 0x0000000086900000|100%| O|  |TAMS 0x0000000086900000, 0x0000000086800000| Complete 
| 105|0x0000000086900000, 0x0000000086900000, 0x0000000086a00000|  0%| F|  |TAMS 0x0000000086900000, 0x0000000086900000| Untracked 
| 106|0x0000000086a00000, 0x0000000086b00000, 0x0000000086b00000|100%| O|  |TAMS 0x0000000086b00000, 0x0000000086a00000| Complete 
| 107|0x0000000086b00000, 0x0000000086c00000, 0x0000000086c00000|100%| O|  |TAMS 0x0000000086c00000, 0x0000000086b00000| Complete 
| 108|0x0000000086c00000, 0x0000000086d00000, 0x0000000086d00000|100%| O|  |TAMS 0x0000000086d00000, 0x0000000086c00000| Complete 
| 109|0x0000000086d00000, 0x0000000086e00000, 0x0000000086e00000|100%| O|  |TAMS 0x0000000086e00000, 0x0000000086d00000| Complete 
| 110|0x0000000086e00000, 0x0000000086f00000, 0x0000000086f00000|100%| O|  |TAMS 0x0000000086f00000, 0x0000000086e00000| Complete 
| 111|0x0000000086f00000, 0x0000000087000000, 0x0000000087000000|100%| O|  |TAMS 0x0000000087000000, 0x0000000086f00000| Complete 
| 112|0x0000000087000000, 0x0000000087100000, 0x0000000087100000|100%| O|  |TAMS 0x0000000087100000, 0x0000000087000000| Complete 
| 113|0x0000000087100000, 0x0000000087200000, 0x0000000087200000|100%| O|  |TAMS 0x0000000087200000, 0x0000000087100000| Complete 
| 114|0x0000000087200000, 0x0000000087200000, 0x0000000087300000|  0%| F|  |TAMS 0x0000000087200000, 0x0000000087200000| Untracked 
| 115|0x0000000087300000, 0x0000000087400000, 0x0000000087400000|100%| O|  |TAMS 0x0000000087400000, 0x0000000087300000| Complete 
| 116|0x0000000087400000, 0x0000000087500000, 0x0000000087500000|100%| O|  |TAMS 0x0000000087500000, 0x0000000087400000| Complete 
| 117|0x0000000087500000, 0x0000000087600000, 0x0000000087600000|100%| O|  |TAMS 0x0000000087600000, 0x0000000087500000| Complete 
| 118|0x0000000087600000, 0x0000000087700000, 0x0000000087700000|100%| O|  |TAMS 0x0000000087700000, 0x0000000087600000| Untracked 
| 119|0x0000000087700000, 0x0000000087800000, 0x0000000087800000|100%| O|  |TAMS 0x0000000087800000, 0x0000000087700000| Complete 
| 120|0x0000000087800000, 0x0000000087900000, 0x0000000087900000|100%| O|  |TAMS 0x0000000087900000, 0x0000000087800000| Complete 
| 121|0x0000000087900000, 0x0000000087a00000, 0x0000000087a00000|100%| O|  |TAMS 0x0000000087a00000, 0x0000000087900000| Untracked 
| 122|0x0000000087a00000, 0x0000000087b00000, 0x0000000087b00000|100%| O|  |TAMS 0x0000000087b00000, 0x0000000087a00000| Untracked 
| 123|0x0000000087b00000, 0x0000000087c00000, 0x0000000087c00000|100%| O|  |TAMS 0x0000000087c00000, 0x0000000087b00000| Untracked 
| 124|0x0000000087c00000, 0x0000000087d00000, 0x0000000087d00000|100%| O|  |TAMS 0x0000000087d00000, 0x0000000087c00000| Complete 
| 125|0x0000000087d00000, 0x0000000087e00000, 0x0000000087e00000|100%| O|  |TAMS 0x0000000087e00000, 0x0000000087d00000| Untracked 
| 126|0x0000000087e00000, 0x0000000087f00000, 0x0000000087f00000|100%| O|  |TAMS 0x0000000087f00000, 0x0000000087e00000| Untracked 
| 127|0x0000000087f00000, 0x0000000087f0fc00, 0x0000000088000000|  6%| O|  |TAMS 0x0000000087f0fc00, 0x0000000087f00000| Untracked 
| 128|0x0000000088000000, 0x0000000088000000, 0x0000000088100000|  0%| F|  |TAMS 0x0000000088000000, 0x0000000088000000| Untracked 
| 129|0x0000000088100000, 0x0000000088100000, 0x0000000088200000|  0%| F|  |TAMS 0x0000000088100000, 0x0000000088100000| Untracked 
| 130|0x0000000088200000, 0x0000000088200000, 0x0000000088300000|  0%| F|  |TAMS 0x0000000088200000, 0x0000000088200000| Untracked 
| 131|0x0000000088300000, 0x0000000088300000, 0x0000000088400000|  0%| F|  |TAMS 0x0000000088300000, 0x0000000088300000| Untracked 
| 132|0x0000000088400000, 0x0000000088400000, 0x0000000088500000|  0%| F|  |TAMS 0x0000000088400000, 0x0000000088400000| Untracked 
| 133|0x0000000088500000, 0x0000000088500000, 0x0000000088600000|  0%| F|  |TAMS 0x0000000088500000, 0x0000000088500000| Untracked 
| 134|0x0000000088600000, 0x0000000088600000, 0x0000000088700000|  0%| F|  |TAMS 0x0000000088600000, 0x0000000088600000| Untracked 
| 135|0x0000000088700000, 0x0000000088700000, 0x0000000088800000|  0%| F|  |TAMS 0x0000000088700000, 0x0000000088700000| Untracked 
| 136|0x0000000088800000, 0x0000000088800000, 0x0000000088900000|  0%| F|  |TAMS 0x0000000088800000, 0x0000000088800000| Untracked 
| 137|0x0000000088900000, 0x0000000088900000, 0x0000000088a00000|  0%| F|  |TAMS 0x0000000088900000, 0x0000000088900000| Untracked 
| 138|0x0000000088a00000, 0x0000000088a00000, 0x0000000088b00000|  0%| F|  |TAMS 0x0000000088a00000, 0x0000000088a00000| Untracked 
| 139|0x0000000088b00000, 0x0000000088b00000, 0x0000000088c00000|  0%| F|  |TAMS 0x0000000088b00000, 0x0000000088b00000| Untracked 
| 140|0x0000000088c00000, 0x0000000088c00000, 0x0000000088d00000|  0%| F|  |TAMS 0x0000000088c00000, 0x0000000088c00000| Untracked 
| 141|0x0000000088d00000, 0x0000000088d00000, 0x0000000088e00000|  0%| F|  |TAMS 0x0000000088d00000, 0x0000000088d00000| Untracked 
| 142|0x0000000088e00000, 0x0000000088e00000, 0x0000000088f00000|  0%| F|  |TAMS 0x0000000088e00000, 0x0000000088e00000| Untracked 
| 143|0x0000000088f00000, 0x0000000088f00000, 0x0000000089000000|  0%| F|  |TAMS 0x0000000088f00000, 0x0000000088f00000| Untracked 
| 144|0x0000000089000000, 0x0000000089000000, 0x0000000089100000|  0%| F|  |TAMS 0x0000000089000000, 0x0000000089000000| Untracked 
| 145|0x0000000089100000, 0x0000000089100000, 0x0000000089200000|  0%| F|  |TAMS 0x0000000089100000, 0x0000000089100000| Untracked 
| 146|0x0000000089200000, 0x0000000089200000, 0x0000000089300000|  0%| F|  |TAMS 0x0000000089200000, 0x0000000089200000| Untracked 
| 147|0x0000000089300000, 0x0000000089300000, 0x0000000089400000|  0%| F|  |TAMS 0x0000000089300000, 0x0000000089300000| Untracked 
| 148|0x0000000089400000, 0x0000000089400000, 0x0000000089500000|  0%| F|  |TAMS 0x0000000089400000, 0x0000000089400000| Untracked 
| 149|0x0000000089500000, 0x0000000089500000, 0x0000000089600000|  0%| F|  |TAMS 0x0000000089500000, 0x0000000089500000| Untracked 
| 150|0x0000000089600000, 0x0000000089600000, 0x0000000089700000|  0%| F|  |TAMS 0x0000000089600000, 0x0000000089600000| Untracked 
| 151|0x0000000089700000, 0x0000000089700000, 0x0000000089800000|  0%| F|  |TAMS 0x0000000089700000, 0x0000000089700000| Untracked 
| 152|0x0000000089800000, 0x0000000089800000, 0x0000000089900000|  0%| F|  |TAMS 0x0000000089800000, 0x0000000089800000| Untracked 
| 153|0x0000000089900000, 0x0000000089900000, 0x0000000089a00000|  0%| F|  |TAMS 0x0000000089900000, 0x0000000089900000| Untracked 
| 154|0x0000000089a00000, 0x0000000089a00000, 0x0000000089b00000|  0%| F|  |TAMS 0x0000000089a00000, 0x0000000089a00000| Untracked 
| 155|0x0000000089b00000, 0x0000000089b00000, 0x0000000089c00000|  0%| F|  |TAMS 0x0000000089b00000, 0x0000000089b00000| Untracked 
| 156|0x0000000089c00000, 0x0000000089c00000, 0x0000000089d00000|  0%| F|  |TAMS 0x0000000089c00000, 0x0000000089c00000| Untracked 
| 157|0x0000000089d00000, 0x0000000089d00000, 0x0000000089e00000|  0%| F|  |TAMS 0x0000000089d00000, 0x0000000089d00000| Untracked 
| 158|0x0000000089e00000, 0x0000000089e00000, 0x0000000089f00000|  0%| F|  |TAMS 0x0000000089e00000, 0x0000000089e00000| Untracked 
| 159|0x0000000089f00000, 0x0000000089f00000, 0x000000008a000000|  0%| F|  |TAMS 0x0000000089f00000, 0x0000000089f00000| Untracked 
| 160|0x000000008a000000, 0x000000008a000000, 0x000000008a100000|  0%| F|  |TAMS 0x000000008a000000, 0x000000008a000000| Untracked 
| 161|0x000000008a100000, 0x000000008a100000, 0x000000008a200000|  0%| F|  |TAMS 0x000000008a100000, 0x000000008a100000| Untracked 
| 162|0x000000008a200000, 0x000000008a200000, 0x000000008a300000|  0%| F|  |TAMS 0x000000008a200000, 0x000000008a200000| Untracked 
| 163|0x000000008a300000, 0x000000008a300000, 0x000000008a400000|  0%| F|  |TAMS 0x000000008a300000, 0x000000008a300000| Untracked 
| 164|0x000000008a400000, 0x000000008a400000, 0x000000008a500000|  0%| F|  |TAMS 0x000000008a400000, 0x000000008a400000| Untracked 
| 165|0x000000008a500000, 0x000000008a500000, 0x000000008a600000|  0%| F|  |TAMS 0x000000008a500000, 0x000000008a500000| Untracked 
| 166|0x000000008a600000, 0x000000008a600000, 0x000000008a700000|  0%| F|  |TAMS 0x000000008a600000, 0x000000008a600000| Untracked 
| 167|0x000000008a700000, 0x000000008a700000, 0x000000008a800000|  0%| F|  |TAMS 0x000000008a700000, 0x000000008a700000| Untracked 
| 168|0x000000008a800000, 0x000000008a800000, 0x000000008a900000|  0%| F|  |TAMS 0x000000008a800000, 0x000000008a800000| Untracked 
| 169|0x000000008a900000, 0x000000008a900000, 0x000000008aa00000|  0%| F|  |TAMS 0x000000008a900000, 0x000000008a900000| Untracked 
| 170|0x000000008aa00000, 0x000000008aa00000, 0x000000008ab00000|  0%| F|  |TAMS 0x000000008aa00000, 0x000000008aa00000| Untracked 
| 171|0x000000008ab00000, 0x000000008ab00000, 0x000000008ac00000|  0%| F|  |TAMS 0x000000008ab00000, 0x000000008ab00000| Untracked 
| 172|0x000000008ac00000, 0x000000008ac00000, 0x000000008ad00000|  0%| F|  |TAMS 0x000000008ac00000, 0x000000008ac00000| Untracked 
| 173|0x000000008ad00000, 0x000000008ad00000, 0x000000008ae00000|  0%| F|  |TAMS 0x000000008ad00000, 0x000000008ad00000| Untracked 
| 174|0x000000008ae00000, 0x000000008ae00000, 0x000000008af00000|  0%| F|  |TAMS 0x000000008ae00000, 0x000000008ae00000| Untracked 
| 175|0x000000008af00000, 0x000000008af00000, 0x000000008b000000|  0%| F|  |TAMS 0x000000008af00000, 0x000000008af00000| Untracked 
| 176|0x000000008b000000, 0x000000008b000000, 0x000000008b100000|  0%| F|  |TAMS 0x000000008b000000, 0x000000008b000000| Untracked 
| 177|0x000000008b100000, 0x000000008b100000, 0x000000008b200000|  0%| F|  |TAMS 0x000000008b100000, 0x000000008b100000| Untracked 
| 178|0x000000008b200000, 0x000000008b200000, 0x000000008b300000|  0%| F|  |TAMS 0x000000008b200000, 0x000000008b200000| Untracked 
| 179|0x000000008b300000, 0x000000008b300000, 0x000000008b400000|  0%| F|  |TAMS 0x000000008b300000, 0x000000008b300000| Untracked 
| 180|0x000000008b400000, 0x000000008b400000, 0x000000008b500000|  0%| F|  |TAMS 0x000000008b400000, 0x000000008b400000| Untracked 
| 181|0x000000008b500000, 0x000000008b500000, 0x000000008b600000|  0%| F|  |TAMS 0x000000008b500000, 0x000000008b500000| Untracked 
| 182|0x000000008b600000, 0x000000008b600000, 0x000000008b700000|  0%| F|  |TAMS 0x000000008b600000, 0x000000008b600000| Untracked 
| 183|0x000000008b700000, 0x000000008b700000, 0x000000008b800000|  0%| F|  |TAMS 0x000000008b700000, 0x000000008b700000| Untracked 
| 184|0x000000008b800000, 0x000000008b800000, 0x000000008b900000|  0%| F|  |TAMS 0x000000008b800000, 0x000000008b800000| Untracked 
| 185|0x000000008b900000, 0x000000008b900000, 0x000000008ba00000|  0%| F|  |TAMS 0x000000008b900000, 0x000000008b900000| Untracked 
| 186|0x000000008ba00000, 0x000000008ba2c3b0, 0x000000008bb00000| 17%| S|CS|TAMS 0x000000008ba00000, 0x000000008ba00000| Complete 
| 187|0x000000008bb00000, 0x000000008bc00000, 0x000000008bc00000|100%| S|CS|TAMS 0x000000008bb00000, 0x000000008bb00000| Complete 
| 188|0x000000008bc00000, 0x000000008bd00000, 0x000000008bd00000|100%| S|CS|TAMS 0x000000008bc00000, 0x000000008bc00000| Complete 
| 189|0x000000008bd00000, 0x000000008bd00000, 0x000000008be00000|  0%| F|  |TAMS 0x000000008bd00000, 0x000000008bd00000| Untracked 
| 190|0x000000008be00000, 0x000000008be00000, 0x000000008bf00000|  0%| F|  |TAMS 0x000000008be00000, 0x000000008be00000| Untracked 
| 191|0x000000008bf00000, 0x000000008bf00000, 0x000000008c000000|  0%| F|  |TAMS 0x000000008bf00000, 0x000000008bf00000| Untracked 
| 192|0x000000008c000000, 0x000000008c000000, 0x000000008c100000|  0%| F|  |TAMS 0x000000008c000000, 0x000000008c000000| Untracked 
| 193|0x000000008c100000, 0x000000008c100000, 0x000000008c200000|  0%| F|  |TAMS 0x000000008c100000, 0x000000008c100000| Untracked 
| 194|0x000000008c200000, 0x000000008c200000, 0x000000008c300000|  0%| F|  |TAMS 0x000000008c200000, 0x000000008c200000| Untracked 
| 195|0x000000008c300000, 0x000000008c300000, 0x000000008c400000|  0%| F|  |TAMS 0x000000008c300000, 0x000000008c300000| Untracked 
| 196|0x000000008c400000, 0x000000008c400000, 0x000000008c500000|  0%| F|  |TAMS 0x000000008c400000, 0x000000008c400000| Untracked 
| 197|0x000000008c500000, 0x000000008c500000, 0x000000008c600000|  0%| F|  |TAMS 0x000000008c500000, 0x000000008c500000| Untracked 
| 198|0x000000008c600000, 0x000000008c600000, 0x000000008c700000|  0%| F|  |TAMS 0x000000008c600000, 0x000000008c600000| Untracked 
| 199|0x000000008c700000, 0x000000008c700000, 0x000000008c800000|  0%| F|  |TAMS 0x000000008c700000, 0x000000008c700000| Untracked 
| 200|0x000000008c800000, 0x000000008c800000, 0x000000008c900000|  0%| F|  |TAMS 0x000000008c800000, 0x000000008c800000| Untracked 
| 201|0x000000008c900000, 0x000000008c900000, 0x000000008ca00000|  0%| F|  |TAMS 0x000000008c900000, 0x000000008c900000| Untracked 
| 202|0x000000008ca00000, 0x000000008ca00000, 0x000000008cb00000|  0%| F|  |TAMS 0x000000008ca00000, 0x000000008ca00000| Untracked 
| 203|0x000000008cb00000, 0x000000008cb00000, 0x000000008cc00000|  0%| F|  |TAMS 0x000000008cb00000, 0x000000008cb00000| Untracked 
| 204|0x000000008cc00000, 0x000000008cc00000, 0x000000008cd00000|  0%| F|  |TAMS 0x000000008cc00000, 0x000000008cc00000| Untracked 
| 205|0x000000008cd00000, 0x000000008cd00000, 0x000000008ce00000|  0%| F|  |TAMS 0x000000008cd00000, 0x000000008cd00000| Untracked 
| 206|0x000000008ce00000, 0x000000008ce00000, 0x000000008cf00000|  0%| F|  |TAMS 0x000000008ce00000, 0x000000008ce00000| Untracked 
| 207|0x000000008cf00000, 0x000000008cf00000, 0x000000008d000000|  0%| F|  |TAMS 0x000000008cf00000, 0x000000008cf00000| Untracked 
| 208|0x000000008d000000, 0x000000008d000000, 0x000000008d100000|  0%| F|  |TAMS 0x000000008d000000, 0x000000008d000000| Untracked 
| 209|0x000000008d100000, 0x000000008d100000, 0x000000008d200000|  0%| F|  |TAMS 0x000000008d100000, 0x000000008d100000| Untracked 
| 210|0x000000008d200000, 0x000000008d200000, 0x000000008d300000|  0%| F|  |TAMS 0x000000008d200000, 0x000000008d200000| Untracked 
| 211|0x000000008d300000, 0x000000008d300000, 0x000000008d400000|  0%| F|  |TAMS 0x000000008d300000, 0x000000008d300000| Untracked 
| 212|0x000000008d400000, 0x000000008d400000, 0x000000008d500000|  0%| F|  |TAMS 0x000000008d400000, 0x000000008d400000| Untracked 
| 213|0x000000008d500000, 0x000000008d500000, 0x000000008d600000|  0%| F|  |TAMS 0x000000008d500000, 0x000000008d500000| Untracked 
| 214|0x000000008d600000, 0x000000008d600000, 0x000000008d700000|  0%| F|  |TAMS 0x000000008d600000, 0x000000008d600000| Untracked 
| 215|0x000000008d700000, 0x000000008d700000, 0x000000008d800000|  0%| F|  |TAMS 0x000000008d700000, 0x000000008d700000| Untracked 
| 216|0x000000008d800000, 0x000000008d800000, 0x000000008d900000|  0%| F|  |TAMS 0x000000008d800000, 0x000000008d800000| Untracked 
| 217|0x000000008d900000, 0x000000008d900000, 0x000000008da00000|  0%| F|  |TAMS 0x000000008d900000, 0x000000008d900000| Untracked 
| 218|0x000000008da00000, 0x000000008da00000, 0x000000008db00000|  0%| F|  |TAMS 0x000000008da00000, 0x000000008da00000| Untracked 
| 219|0x000000008db00000, 0x000000008db00000, 0x000000008dc00000|  0%| F|  |TAMS 0x000000008db00000, 0x000000008db00000| Untracked 
| 220|0x000000008dc00000, 0x000000008dc00000, 0x000000008dd00000|  0%| F|  |TAMS 0x000000008dc00000, 0x000000008dc00000| Untracked 
| 221|0x000000008dd00000, 0x000000008dd00000, 0x000000008de00000|  0%| F|  |TAMS 0x000000008dd00000, 0x000000008dd00000| Untracked 
| 222|0x000000008de00000, 0x000000008de00000, 0x000000008df00000|  0%| F|  |TAMS 0x000000008de00000, 0x000000008de00000| Untracked 
| 223|0x000000008df00000, 0x000000008df00000, 0x000000008e000000|  0%| F|  |TAMS 0x000000008df00000, 0x000000008df00000| Untracked 
| 224|0x000000008e000000, 0x000000008e000000, 0x000000008e100000|  0%| F|  |TAMS 0x000000008e000000, 0x000000008e000000| Untracked 
| 225|0x000000008e100000, 0x000000008e100000, 0x000000008e200000|  0%| F|  |TAMS 0x000000008e100000, 0x000000008e100000| Untracked 
| 226|0x000000008e200000, 0x000000008e200000, 0x000000008e300000|  0%| F|  |TAMS 0x000000008e200000, 0x000000008e200000| Untracked 
| 227|0x000000008e300000, 0x000000008e300000, 0x000000008e400000|  0%| F|  |TAMS 0x000000008e300000, 0x000000008e300000| Untracked 
| 228|0x000000008e400000, 0x000000008e400000, 0x000000008e500000|  0%| F|  |TAMS 0x000000008e400000, 0x000000008e400000| Untracked 
| 229|0x000000008e500000, 0x000000008e500000, 0x000000008e600000|  0%| F|  |TAMS 0x000000008e500000, 0x000000008e500000| Untracked 
| 230|0x000000008e600000, 0x000000008e600000, 0x000000008e700000|  0%| F|  |TAMS 0x000000008e600000, 0x000000008e600000| Untracked 
| 231|0x000000008e700000, 0x000000008e700000, 0x000000008e800000|  0%| F|  |TAMS 0x000000008e700000, 0x000000008e700000| Untracked 
| 232|0x000000008e800000, 0x000000008e800000, 0x000000008e900000|  0%| F|  |TAMS 0x000000008e800000, 0x000000008e800000| Untracked 
| 233|0x000000008e900000, 0x000000008e900000, 0x000000008ea00000|  0%| F|  |TAMS 0x000000008e900000, 0x000000008e900000| Untracked 
| 234|0x000000008ea00000, 0x000000008ea00000, 0x000000008eb00000|  0%| F|  |TAMS 0x000000008ea00000, 0x000000008ea00000| Untracked 
| 235|0x000000008eb00000, 0x000000008eb00000, 0x000000008ec00000|  0%| F|  |TAMS 0x000000008eb00000, 0x000000008eb00000| Untracked 
| 236|0x000000008ec00000, 0x000000008ec00000, 0x000000008ed00000|  0%| F|  |TAMS 0x000000008ec00000, 0x000000008ec00000| Untracked 
| 237|0x000000008ed00000, 0x000000008edaae88, 0x000000008ee00000| 66%| E|  |TAMS 0x000000008ed00000, 0x000000008ed00000| Complete 
| 238|0x000000008ee00000, 0x000000008ef00000, 0x000000008ef00000|100%| E|CS|TAMS 0x000000008ee00000, 0x000000008ee00000| Complete 
| 239|0x000000008ef00000, 0x000000008f000000, 0x000000008f000000|100%| E|CS|TAMS 0x000000008ef00000, 0x000000008ef00000| Complete 
| 240|0x000000008f000000, 0x000000008f100000, 0x000000008f100000|100%| E|  |TAMS 0x000000008f000000, 0x000000008f000000| Complete 
| 241|0x000000008f100000, 0x000000008f1ffff8, 0x000000008f200000| 99%| E|CS|TAMS 0x000000008f100000, 0x000000008f100000| Complete 
| 242|0x000000008f200000, 0x000000008f300000, 0x000000008f300000|100%| E|CS|TAMS 0x000000008f200000, 0x000000008f200000| Complete 
| 243|0x000000008f300000, 0x000000008f400000, 0x000000008f400000|100%| E|CS|TAMS 0x000000008f300000, 0x000000008f300000| Complete 
| 244|0x000000008f400000, 0x000000008f500000, 0x000000008f500000|100%| E|CS|TAMS 0x000000008f400000, 0x000000008f400000| Complete 
| 245|0x000000008f500000, 0x000000008f600000, 0x000000008f600000|100%| E|CS|TAMS 0x000000008f500000, 0x000000008f500000| Complete 

Card table byte_map: [0x000001f6fe100000,0x000001f6fe500000] _byte_map_base: 0x000001f6fdd00000

Marking Bits (Prev, Next): (CMBitMap*) 0x000001f6fb805740, (CMBitMap*) 0x000001f6fb805708
 Prev Bits: [0x000001f694a50000, 0x000001f696a50000)
 Next Bits: [0x000001f692a50000, 0x000001f694a50000)

Polling page: 0x000001f6fb890000

Metaspace:

Usage:
  Non-class:    124.56 MB capacity,   121.40 MB ( 97%) used,     2.59 MB (  2%) free+waste,   587.44 KB ( <1%) overhead. 
      Class:     18.64 MB capacity,    16.90 MB ( 91%) used,     1.49 MB (  8%) free+waste,   256.81 KB (  1%) overhead. 
       Both:    143.20 MB capacity,   138.30 MB ( 97%) used,     4.07 MB (  3%) free+waste,   844.25 KB ( <1%) overhead. 

Virtual space:
  Non-class space:      126.00 MB reserved,     124.67 MB ( 99%) committed 
      Class space:        1.00 GB reserved,      19.12 MB (  2%) committed 
             Both:        1.12 GB reserved,     143.80 MB ( 13%) committed 

Chunk freelists:
   Non-Class:  50.00 KB
       Class:  401.00 KB
        Both:  451.00 KB

MaxMetaspaceSize: 17179869184.00 GB
CompressedClassSpaceSize: 1.00 GB
Initial GC threshold: 20.80 MB
Current GC threshold: 239.25 MB
CDS: off

CodeHeap 'non-profiled nmethods': size=120000Kb used=20626Kb max_used=20699Kb free=99373Kb
 bounds [0x000001f68b520000, 0x000001f68c960000, 0x000001f692a50000]
CodeHeap 'profiled nmethods': size=120000Kb used=58259Kb max_used=60115Kb free=61740Kb
 bounds [0x000001f683ff0000, 0x000001f687ab0000, 0x000001f68b520000]
CodeHeap 'non-nmethods': size=5760Kb used=2485Kb max_used=2548Kb free=3274Kb
 bounds [0x000001f683a50000, 0x000001f683ce0000, 0x000001f683ff0000]
 total_blobs=27412 nmethods=26390 adapters=930
 compilation: enabled
              stopped_count=0, restarted_count=0
 full_count=0

Compilation events (20 events):
Event: 9962.695 Thread 0x000001f6ff5fa800 30787       4       org.gradle.api.internal.artifacts.ivyservice.resolveengine.graph.builder.ModuleResolveState::selectComponentAndEvictOthers (46 bytes)
Event: 9962.714 Thread 0x000001f6ff5fa800 nmethod 30787 0x000001f68bdcbb90 code [0x000001f68bdcbd60, 0x000001f68bdcc238]
Event: 9962.717 Thread 0x000001f6ff5fb800 30788       3       org.gradle.api.internal.artifacts.ivyservice.resolveengine.graph.builder.NodeState::restartIncomingEdges (80 bytes)
Event: 9962.723 Thread 0x000001f6ff5fb800 nmethod 30788 0x000001f686471390 code [0x000001f6864716e0, 0x000001f686472bc8]
Event: 9962.769 Thread 0x000001f6ff5fb800 30789       3       org.gradle.api.internal.artifacts.ivyservice.resolveengine.oldresult.TransientConfigurationResultsBuilder$$Lambda$547/0x000000010065a040::write (9 bytes)
Event: 9962.772 Thread 0x000001f6ff5fb800 nmethod 30789 0x000001f684ae4c90 code [0x000001f684ae4e60, 0x000001f684ae5178]
Event: 9962.772 Thread 0x000001f6ff5fb800 30790       3       org.gradle.api.internal.artifacts.ivyservice.resolveengine.oldresult.TransientConfigurationResultsBuilder::lambda$firstLevelDependency$2 (18 bytes)
Event: 9962.772 Thread 0x000001f6ff5fb800 nmethod 30790 0x000001f684f9a110 code [0x000001f684f9a2e0, 0x000001f684f9a578]
Event: 9962.843 Thread 0x000001f6ff5fa800 30791       4       org.gradle.internal.work.DefaultWorkerLeaseService$3::run (48 bytes)
Event: 9962.849 Thread 0x000001f6ff5fb800 30792       3       org.gradle.internal.operations.DefaultBuildOperationRunner::execute (23 bytes)
Event: 9962.860 Thread 0x000001f6ff5fb800 nmethod 30792 0x000001f6846aff10 code [0x000001f6846b0100, 0x000001f6846b0558]
Event: 9962.860 Thread 0x000001f6ff5fb800 30795       3       java.lang.RuntimeException::<init> (6 bytes)
Event: 9962.862 Thread 0x000001f6ff5fb800 nmethod 30795 0x000001f685739e90 code [0x000001f68573a060, 0x000001f68573a1e8]
Event: 9962.874 Thread 0x000001f6ff5fa800 nmethod 30791 0x000001f68bd33f10 code [0x000001f68bd34120, 0x000001f68bd34978]
Event: 9962.874 Thread 0x000001f6ff5fa800 30793       4       java.util.regex.Matcher::start (65 bytes)
Event: 9962.876 Thread 0x000001f6ff5fa800 nmethod 30793 0x000001f68bc23190 code [0x000001f68bc23320, 0x000001f68bc23418]
Event: 9962.876 Thread 0x000001f6ff5fa800 30796       4       org.gradle.internal.operations.DefaultBuildOperationRunner$2::<init> (20 bytes)
Event: 9962.880 Thread 0x000001f6ff5fa800 nmethod 30796 0x000001f68bdcb690 code [0x000001f68bdcb820, 0x000001f68bdcbad8]
Event: 9962.880 Thread 0x000001f6ff5fa800 30794       4       org.gradle.internal.operations.BuildOperationState::isRunning (8 bytes)
Event: 9962.882 Thread 0x000001f6ff5fa800 nmethod 30794 0x000001f68bc22e90 code [0x000001f68bc23020, 0x000001f68bc23098]

GC Heap History (20 events):
Event: 9723.575 GC heap before
{Heap before GC invocations=199 (full 0):
 garbage-first heap   total 251904K, used 115798K [0x0000000080000000, 0x0000000100000000)
  region size 1024K, 12 young (12288K), 8 survivors (8192K)
 Metaspace       used 141135K, capacity 146133K, committed 146736K, reserved 1177600K
  class space    used 17303K, capacity 19083K, committed 19584K, reserved 1048576K
}
Event: 9723.687 GC heap after
{Heap after GC invocations=200 (full 0):
 garbage-first heap   total 251904K, used 113839K [0x0000000080000000, 0x0000000100000000)
  region size 1024K, 2 young (2048K), 2 survivors (2048K)
 Metaspace       used 141135K, capacity 146133K, committed 146736K, reserved 1177600K
  class space    used 17303K, capacity 19083K, committed 19584K, reserved 1048576K
}
Event: 9725.458 GC heap before
{Heap before GC invocations=200 (full 0):
 garbage-first heap   total 251904K, used 147631K [0x0000000080000000, 0x0000000100000000)
  region size 1024K, 37 young (37888K), 2 survivors (2048K)
 Metaspace       used 141223K, capacity 146142K, committed 146736K, reserved 1177600K
  class space    used 17303K, capacity 19083K, committed 19584K, reserved 1048576K
}
Event: 9725.505 GC heap after
{Heap after GC invocations=201 (full 0):
 garbage-first heap   total 251904K, used 117507K [0x0000000080000000, 0x0000000100000000)
  region size 1024K, 6 young (6144K), 6 survivors (6144K)
 Metaspace       used 141223K, capacity 146142K, committed 146736K, reserved 1177600K
  class space    used 17303K, capacity 19083K, committed 19584K, reserved 1048576K
}
Event: 9790.652 GC heap before
{Heap before GC invocations=202 (full 0):
 garbage-first heap   total 251904K, used 172803K [0x0000000080000000, 0x0000000100000000)
  region size 1024K, 55 young (56320K), 6 survivors (6144K)
 Metaspace       used 141314K, capacity 146272K, committed 146992K, reserved 1177600K
  class space    used 17304K, capacity 19083K, committed 19584K, reserved 1048576K
}
Event: 9790.818 GC heap after
{Heap after GC invocations=203 (full 0):
 garbage-first heap   total 251904K, used 120572K [0x0000000080000000, 0x0000000100000000)
  region size 1024K, 6 young (6144K), 6 survivors (6144K)
 Metaspace       used 141314K, capacity 146272K, committed 146992K, reserved 1177600K
  class space    used 17304K, capacity 19083K, committed 19584K, reserved 1048576K
}
Event: 9791.415 GC heap before
{Heap before GC invocations=203 (full 0):
 garbage-first heap   total 251904K, used 127740K [0x0000000080000000, 0x0000000100000000)
  region size 1024K, 12 young (12288K), 6 survivors (6144K)
 Metaspace       used 141320K, capacity 146272K, committed 146992K, reserved 1177600K
  class space    used 17304K, capacity 19083K, committed 19584K, reserved 1048576K
}
Event: 9791.586 GC heap after
{Heap after GC invocations=204 (full 0):
 garbage-first heap   total 251904K, used 117636K [0x0000000080000000, 0x0000000100000000)
  region size 1024K, 2 young (2048K), 2 survivors (2048K)
 Metaspace       used 141320K, capacity 146272K, committed 146992K, reserved 1177600K
  class space    used 17304K, capacity 19083K, committed 19584K, reserved 1048576K
}
Event: 9792.064 GC heap before
{Heap before GC invocations=204 (full 0):
 garbage-first heap   total 251904K, used 126852K [0x0000000080000000, 0x0000000100000000)
  region size 1024K, 12 young (12288K), 2 survivors (2048K)
 Metaspace       used 141320K, capacity 146272K, committed 146992K, reserved 1177600K
  class space    used 17304K, capacity 19083K, committed 19584K, reserved 1048576K
}
Event: 9792.094 GC heap after
{Heap after GC invocations=205 (full 0):
 garbage-first heap   total 251904K, used 119392K [0x0000000080000000, 0x0000000100000000)
  region size 1024K, 2 young (2048K), 2 survivors (2048K)
 Metaspace       used 141320K, capacity 146272K, committed 146992K, reserved 1177600K
  class space    used 17304K, capacity 19083K, committed 19584K, reserved 1048576K
}
Event: 9793.567 GC heap before
{Heap before GC invocations=205 (full 0):
 garbage-first heap   total 251904K, used 153184K [0x0000000080000000, 0x0000000100000000)
  region size 1024K, 36 young (36864K), 2 survivors (2048K)
 Metaspace       used 141417K, capacity 146361K, committed 146992K, reserved 1177600K
  class space    used 17305K, capacity 19086K, committed 19584K, reserved 1048576K
}
Event: 9793.633 GC heap after
{Heap after GC invocations=206 (full 0):
 garbage-first heap   total 251904K, used 123889K [0x0000000080000000, 0x0000000100000000)
  region size 1024K, 7 young (7168K), 7 survivors (7168K)
 Metaspace       used 141417K, capacity 146361K, committed 146992K, reserved 1177600K
  class space    used 17305K, capacity 19086K, committed 19584K, reserved 1048576K
}
Event: 9891.900 GC heap before
{Heap before GC invocations=207 (full 0):
 garbage-first heap   total 251904K, used 179185K [0x0000000080000000, 0x0000000100000000)
  region size 1024K, 55 young (56320K), 7 survivors (7168K)
 Metaspace       used 141462K, capacity 146493K, committed 146992K, reserved 1177600K
  class space    used 17306K, capacity 19086K, committed 19584K, reserved 1048576K
}
Event: 9892.053 GC heap after
{Heap after GC invocations=208 (full 0):
 garbage-first heap   total 251904K, used 128920K [0x0000000080000000, 0x0000000100000000)
  region size 1024K, 6 young (6144K), 6 survivors (6144K)
 Metaspace       used 141462K, capacity 146493K, committed 146992K, reserved 1177600K
  class space    used 17306K, capacity 19086K, committed 19584K, reserved 1048576K
}
Event: 9892.512 GC heap before
{Heap before GC invocations=208 (full 0):
 garbage-first heap   total 251904K, used 134040K [0x0000000080000000, 0x0000000100000000)
  region size 1024K, 12 young (12288K), 6 survivors (6144K)
 Metaspace       used 141464K, capacity 146493K, committed 146992K, reserved 1177600K
  class space    used 17306K, capacity 19086K, committed 19584K, reserved 1048576K
}
Event: 9892.683 GC heap after
{Heap after GC invocations=209 (full 0):
 garbage-first heap   total 251904K, used 117338K [0x0000000080000000, 0x0000000100000000)
  region size 1024K, 2 young (2048K), 2 survivors (2048K)
 Metaspace       used 141464K, capacity 146493K, committed 146992K, reserved 1177600K
  class space    used 17306K, capacity 19086K, committed 19584K, reserved 1048576K
}
Event: 9892.910 GC heap before
{Heap before GC invocations=209 (full 0):
 garbage-first heap   total 251904K, used 117338K [0x0000000080000000, 0x0000000100000000)
  region size 1024K, 3 young (3072K), 2 survivors (2048K)
 Metaspace       used 141465K, capacity 146493K, committed 146992K, reserved 1177600K
  class space    used 17306K, capacity 19086K, committed 19584K, reserved 1048576K
}
Event: 9892.947 GC heap after
{Heap after GC invocations=210 (full 0):
 garbage-first heap   total 251904K, used 117424K [0x0000000080000000, 0x0000000100000000)
  region size 1024K, 2 young (2048K), 2 survivors (2048K)
 Metaspace       used 141465K, capacity 146493K, committed 146992K, reserved 1177600K
  class space    used 17306K, capacity 19086K, committed 19584K, reserved 1048576K
}
Event: 9962.007 GC heap before
{Heap before GC invocations=211 (full 0):
 garbage-first heap   total 251904K, used 191152K [0x0000000080000000, 0x0000000100000000)
  region size 1024K, 57 young (58368K), 2 survivors (2048K)
 Metaspace       used 141612K, capacity 146637K, committed 147248K, reserved 1177600K
  class space    used 17307K, capacity 19087K, committed 19584K, reserved 1048576K
}
Event: 9962.124 GC heap after
{Heap after GC invocations=212 (full 0):
 garbage-first heap   total 251904K, used 119023K [0x0000000080000000, 0x0000000100000000)
  region size 1024K, 3 young (3072K), 3 survivors (3072K)
 Metaspace       used 141612K, capacity 146637K, committed 147248K, reserved 1177600K
  class space    used 17307K, capacity 19087K, committed 19584K, reserved 1048576K
}

Deoptimization events (20 events):
Event: 9962.849 Thread 0x000001f6a25bc000 DEOPT PACKING pc=0x000001f68c0290f4 sp=0x00000084cc1fe9e0
Event: 9962.849 Thread 0x000001f6a25bb800 Uncommon trap: trap_request=0xffffff4d fr.pc=0x000001f68c0290f4 relative=0x0000000000000054
Event: 9962.849 Thread 0x000001f6a25ba800 Uncommon trap: reason=unstable_if action=reinterpret pc=0x000001f68c0290f4 method=org.gradle.internal.operations.DefaultBuildOperationRunner.assertParentRunning(Ljava/lang/String;Lorg/gradle/internal/operations/BuildOperationDescriptor;Lorg/gradle/interna
Event: 9962.849 Thread 0x000001f6a25ba800 DEOPT PACKING pc=0x000001f68c0290f4 sp=0x00000084cc3feb40
Event: 9962.849 Thread 0x000001f6a25c0800 Uncommon trap: trap_request=0xffffff4d fr.pc=0x000001f68c0290f4 relative=0x0000000000000054
Event: 9962.849 Thread 0x000001f6a25bb800 Uncommon trap: reason=unstable_if action=reinterpret pc=0x000001f68c0290f4 method=org.gradle.internal.operations.DefaultBuildOperationRunner.assertParentRunning(Ljava/lang/String;Lorg/gradle/internal/operations/BuildOperationDescriptor;Lorg/gradle/interna
Event: 9962.849 Thread 0x000001f6a25c0800 Uncommon trap: reason=unstable_if action=reinterpret pc=0x000001f68c0290f4 method=org.gradle.internal.operations.DefaultBuildOperationRunner.assertParentRunning(Ljava/lang/String;Lorg/gradle/internal/operations/BuildOperationDescriptor;Lorg/gradle/interna
Event: 9962.849 Thread 0x000001f6a25c0800 DEOPT PACKING pc=0x000001f68c0290f4 sp=0x00000084cbfff060
Event: 9962.849 Thread 0x000001f6a25bb800 DEOPT PACKING pc=0x000001f68c0290f4 sp=0x00000084cc2fee80
Event: 9962.849 Thread 0x000001f6a25bd000 DEOPT PACKING pc=0x000001f68c0290f4 sp=0x00000084cc4fede0
Event: 9962.849 Thread 0x000001f6a25b9800 Uncommon trap: reason=unstable_if action=reinterpret pc=0x000001f68c0290f4 method=org.gradle.internal.operations.DefaultBuildOperationRunner.assertParentRunning(Ljava/lang/String;Lorg/gradle/internal/operations/BuildOperationDescriptor;Lorg/gradle/interna
Event: 9962.849 Thread 0x000001f6a25b9800 DEOPT PACKING pc=0x000001f68c0290f4 sp=0x00000084cbcfe920
Event: 9962.849 Thread 0x000001f6a25c1000 DEOPT UNPACKING pc=0x000001f683a9a1af sp=0x00000084cc5fe750 mode 2
Event: 9962.849 Thread 0x000001f6a25ba800 DEOPT UNPACKING pc=0x000001f683a9a1af sp=0x00000084cc3fead0 mode 2
Event: 9962.850 Thread 0x000001f6a25c0800 DEOPT UNPACKING pc=0x000001f683a9a1af sp=0x00000084cbffeff0 mode 2
Event: 9962.850 Thread 0x000001f6a25bc000 DEOPT UNPACKING pc=0x000001f683a9a1af sp=0x00000084cc1fe970 mode 2
Event: 9962.850 Thread 0x000001f6a25bd000 DEOPT UNPACKING pc=0x000001f683a9a1af sp=0x00000084cc4fed70 mode 2
Event: 9962.850 Thread 0x000001f6a25b9800 DEOPT UNPACKING pc=0x000001f683a9a1af sp=0x00000084cbcfe8b0 mode 2
Event: 9962.850 Thread 0x000001f6a25bf800 DEOPT UNPACKING pc=0x000001f683a9a1af sp=0x00000084cc0fe9e0 mode 2
Event: 9962.853 Thread 0x000001f6a25bb800 DEOPT UNPACKING pc=0x000001f683a9a1af sp=0x00000084cc2fee10 mode 2

Classes redefined (0 events):
No events

Internal exceptions (20 events):
Event: 9894.579 Thread 0x000001f6a0730800 Exception <a 'sun/nio/fs/WindowsException'{0x000000008ded2420}> (0x000000008ded2420) thrown at [src/hotspot/share/prims/jni.cpp, line 617]
Event: 9894.580 Thread 0x000001f6a0730800 Exception <a 'sun/nio/fs/WindowsException'{0x000000008ded25a0}> (0x000000008ded25a0) thrown at [src/hotspot/share/prims/jni.cpp, line 617]
Event: 9894.587 Thread 0x000001f6a0730800 Exception <a 'sun/nio/fs/WindowsException'{0x000000008dd23f68}> (0x000000008dd23f68) thrown at [src/hotspot/share/prims/jni.cpp, line 617]
Event: 9894.587 Thread 0x000001f6a0730800 Exception <a 'sun/nio/fs/WindowsException'{0x000000008dd24110}> (0x000000008dd24110) thrown at [src/hotspot/share/prims/jni.cpp, line 617]
Event: 9894.608 Thread 0x000001f6a0730800 Exception <a 'sun/nio/fs/WindowsException'{0x000000008ddb6348}> (0x000000008ddb6348) thrown at [src/hotspot/share/prims/jni.cpp, line 617]
Event: 9894.608 Thread 0x000001f6a0730800 Exception <a 'sun/nio/fs/WindowsException'{0x000000008ddb64c8}> (0x000000008ddb64c8) thrown at [src/hotspot/share/prims/jni.cpp, line 617]
Event: 9894.652 Thread 0x000001f6a0730800 Exception <a 'sun/nio/fs/WindowsException'{0x000000008db94e18}> (0x000000008db94e18) thrown at [src/hotspot/share/prims/jni.cpp, line 617]
Event: 9894.937 Thread 0x000001f69f309800 Exception <a 'sun/nio/fs/WindowsException'{0x000000008d1a2908}> (0x000000008d1a2908) thrown at [src/hotspot/share/prims/jni.cpp, line 617]
Event: 9895.239 Thread 0x000001f69f309800 Exception <a 'sun/nio/fs/WindowsException'{0x000000008d0e92d8}> (0x000000008d0e92d8) thrown at [src/hotspot/share/prims/jni.cpp, line 617]
Event: 9895.335 Thread 0x000001f69f2fd000 Exception <a 'sun/nio/fs/WindowsException'{0x000000008cee56a0}> (0x000000008cee56a0) thrown at [src/hotspot/share/prims/jni.cpp, line 617]
Event: 9895.356 Thread 0x000001f69f2fd000 Exception <a 'sun/nio/fs/WindowsException'{0x000000008cd8e5a8}> (0x000000008cd8e5a8) thrown at [src/hotspot/share/prims/jni.cpp, line 617]
Event: 9895.433 Thread 0x000001f6a0730800 Exception <a 'sun/nio/fs/WindowsException'{0x000000008cdb0e50}> (0x000000008cdb0e50) thrown at [src/hotspot/share/prims/jni.cpp, line 617]
Event: 9895.433 Thread 0x000001f6a0730800 Exception <a 'sun/nio/fs/WindowsException'{0x000000008cdb1ce8}> (0x000000008cdb1ce8) thrown at [src/hotspot/share/prims/jni.cpp, line 617]
Event: 9895.587 Thread 0x000001f69f315800 Exception <a 'sun/nio/fs/WindowsException'{0x000000008c7dbb48}> (0x000000008c7dbb48) thrown at [src/hotspot/share/prims/jni.cpp, line 617]
Event: 9895.587 Thread 0x000001f69f315800 Exception <a 'sun/nio/fs/WindowsException'{0x000000008c7dbc38}> (0x000000008c7dbc38) thrown at [src/hotspot/share/prims/jni.cpp, line 617]
Event: 9896.435 Thread 0x000001f69d6aa800 Exception <a 'sun/nio/fs/WindowsException'{0x000000008c3014c8}> (0x000000008c3014c8) thrown at [src/hotspot/share/prims/jni.cpp, line 617]
Event: 9896.460 Thread 0x000001f69ef34000 Exception <a 'sun/nio/fs/WindowsException'{0x000000008c4eb898}> (0x000000008c4eb898) thrown at [src/hotspot/share/prims/jni.cpp, line 617]
Event: 9896.460 Thread 0x000001f69ef34000 Exception <a 'sun/nio/fs/WindowsException'{0x000000008c4eb920}> (0x000000008c4eb920) thrown at [src/hotspot/share/prims/jni.cpp, line 617]
Event: 9896.461 Thread 0x000001f69ef34000 Exception <a 'sun/nio/fs/WindowsException'{0x000000008c4ed2c0}> (0x000000008c4ed2c0) thrown at [src/hotspot/share/prims/jni.cpp, line 617]
Event: 9962.840 Thread 0x000001f69d6aa800 Exception <a 'java/lang/OutOfMemoryError'{0x000000008eefc798}: unable to create native thread: possibly out of memory or process/resource limits reached> (0x000000008eefc798) thrown at [src/hotspot/share/prims/jvm.cpp, line 2924]

Events (20 events):
Event: 9962.828 Thread 0x000001f69ebb8000 Thread added: 0x000001f69ebb8000
Event: 9962.829 Thread 0x000001f69ebb2800 Thread added: 0x000001f69ebb2800
Event: 9962.830 Thread 0x000001f69ebbc000 Thread added: 0x000001f69ebbc000
Event: 9962.830 Thread 0x000001f69ebbe800 Thread added: 0x000001f69ebbe800
Event: 9962.831 Thread 0x000001f69ebbd000 Thread added: 0x000001f69ebbd000
Event: 9962.831 Thread 0x000001f69ebbe000 Thread added: 0x000001f69ebbe000
Event: 9962.831 Thread 0x000001f69ebb9000 Thread added: 0x000001f69ebb9000
Event: 9962.832 Thread 0x000001f69ebba800 Thread added: 0x000001f69ebba800
Event: 9962.833 Thread 0x000001f69ebbb800 Thread added: 0x000001f69ebbb800
Event: 9962.833 Thread 0x000001f69ebb9800 Thread added: 0x000001f69ebb9800
Event: 9962.833 Thread 0x000001f69ebc1000 Thread added: 0x000001f69ebc1000
Event: 9962.833 Thread 0x000001f69ebc2000 Thread added: 0x000001f69ebc2000
Event: 9962.834 Thread 0x000001f69ebc2800 Thread added: 0x000001f69ebc2800
Event: 9962.834 Thread 0x000001f69ebc4800 Thread added: 0x000001f69ebc4800
Event: 9962.836 Thread 0x000001f69ebbf800 Thread added: 0x000001f69ebbf800
Event: 9962.837 Thread 0x000001f69ebc0000 Thread added: 0x000001f69ebc0000
Event: 9962.837 Thread 0x000001f69ebc3800 Thread added: 0x000001f69ebc3800
Event: 9962.838 Thread 0x000001f6a2989800 Thread added: 0x000001f6a2989800
Event: 9962.838 Thread 0x000001f6a298b000 Thread added: 0x000001f6a298b000
Event: 9962.913 Executing VM operation: BulkRevokeBias


Dynamic libraries:
0x00007ff6c71f0000 - 0x00007ff6c71fa000 	C:\Program Files\Android\Android Studio\jbr\bin\java.exe
0x00007ff8de750000 - 0x00007ff8de964000 	C:\WINDOWS\SYSTEM32\ntdll.dll
0x00007ff8dd1b0000 - 0x00007ff8dd273000 	C:\WINDOWS\System32\KERNEL32.DLL
0x00007ff8dbff0000 - 0x00007ff8dc38c000 	C:\WINDOWS\System32\KERNELBASE.dll
0x00007ff8dc440000 - 0x00007ff8dc551000 	C:\WINDOWS\System32\ucrtbase.dll
0x00007ff8c19d0000 - 0x00007ff8c19eb000 	C:\Program Files\Android\Android Studio\jbr\bin\VCRUNTIME140.dll
0x00007ff8bc2d0000 - 0x00007ff8bc2e7000 	C:\Program Files\Android\Android Studio\jbr\bin\jli.dll
0x00007ff8dc840000 - 0x00007ff8dc9ed000 	C:\WINDOWS\System32\USER32.dll
0x00007ff8dc390000 - 0x00007ff8dc3b6000 	C:\WINDOWS\System32\win32u.dll
0x00007ff8dd690000 - 0x00007ff8dd6b9000 	C:\WINDOWS\System32\GDI32.dll
0x00007ff8dbe30000 - 0x00007ff8dbf43000 	C:\WINDOWS\System32\gdi32full.dll
0x00007ff8c29d0000 - 0x00007ff8c2c5e000 	C:\WINDOWS\WinSxS\amd64_microsoft.windows.common-controls_6595b64144ccf1df_6.0.22621.608_none_a9444ca7c10bb01d\COMCTL32.dll
0x00007ff8dbf50000 - 0x00007ff8dbfea000 	C:\WINDOWS\System32\msvcp_win.dll
0x00007ff8dcf70000 - 0x00007ff8dd017000 	C:\WINDOWS\System32\msvcrt.dll
0x00007ff8dd8d0000 - 0x00007ff8dd901000 	C:\WINDOWS\System32\IMM32.DLL
0x00007ff8c2680000 - 0x00007ff8c268c000 	C:\Program Files\Android\Android Studio\jbr\bin\vcruntime140_1.dll
0x00007ff8a4190000 - 0x00007ff8a421d000 	C:\Program Files\Android\Android Studio\jbr\bin\msvcp140.dll
0x00007ff8754a0000 - 0x00007ff87605c000 	C:\Program Files\Android\Android Studio\jbr\bin\server\jvm.dll
0x00007ff8dceb0000 - 0x00007ff8dcf5e000 	C:\WINDOWS\System32\ADVAPI32.dll
0x00007ff8dca70000 - 0x00007ff8dcb14000 	C:\WINDOWS\System32\sechost.dll
0x00007ff8dd280000 - 0x00007ff8dd395000 	C:\WINDOWS\System32\RPCRT4.dll
0x00007ff8d3f70000 - 0x00007ff8d3fa4000 	C:\WINDOWS\SYSTEM32\WINMM.dll
0x00007ff8dd3a0000 - 0x00007ff8dd3a8000 	C:\WINDOWS\System32\PSAPI.DLL
0x00007ff8bd080000 - 0x00007ff8bd089000 	C:\WINDOWS\SYSTEM32\WSOCK32.dll
0x00007ff8d4510000 - 0x00007ff8d451a000 	C:\WINDOWS\SYSTEM32\VERSION.dll
0x00007ff8dc560000 - 0x00007ff8dc5d1000 	C:\WINDOWS\System32\WS2_32.dll
0x00007ff8dabe0000 - 0x00007ff8dabf8000 	C:\WINDOWS\SYSTEM32\kernel.appcore.dll
0x00007ff8b2660000 - 0x00007ff8b2670000 	C:\Program Files\Android\Android Studio\jbr\bin\verify.dll
0x00007ff8ca370000 - 0x00007ff8ca59e000 	C:\WINDOWS\SYSTEM32\DBGHELP.DLL
0x00007ff8dcb20000 - 0x00007ff8dcea9000 	C:\WINDOWS\System32\combase.dll
0x00007ff8dd040000 - 0x00007ff8dd117000 	C:\WINDOWS\System32\OLEAUT32.dll
0x00007ff8c3220000 - 0x00007ff8c3252000 	C:\WINDOWS\SYSTEM32\dbgcore.DLL
0x00007ff8dc3c0000 - 0x00007ff8dc43b000 	C:\WINDOWS\System32\bcryptPrimitives.dll
0x00007ff89ef70000 - 0x00007ff89ef98000 	C:\Program Files\Android\Android Studio\jbr\bin\java.dll
0x00007ff8b07e0000 - 0x00007ff8b07ea000 	C:\Program Files\Android\Android Studio\jbr\bin\jimage.dll
0x00007ff89ef50000 - 0x00007ff89ef68000 	C:\Program Files\Android\Android Studio\jbr\bin\zip.dll
0x00007ff8ddf20000 - 0x00007ff8de710000 	C:\WINDOWS\System32\SHELL32.dll
0x00007ff8d9b70000 - 0x00007ff8da43e000 	C:\WINDOWS\SYSTEM32\windows.storage.dll
0x00007ff8d9a30000 - 0x00007ff8d9b6e000 	C:\WINDOWS\SYSTEM32\wintypes.dll
0x00007ff8dc6e0000 - 0x00007ff8dc7d1000 	C:\WINDOWS\System32\SHCORE.dll
0x00007ff8dc7e0000 - 0x00007ff8dc83e000 	C:\WINDOWS\System32\shlwapi.dll
0x00007ff8dbac0000 - 0x00007ff8dbae1000 	C:\WINDOWS\SYSTEM32\profapi.dll
0x00007ff89ef30000 - 0x00007ff89ef49000 	C:\Program Files\Android\Android Studio\jbr\bin\net.dll
0x00007ff8d5910000 - 0x00007ff8d5a3f000 	C:\WINDOWS\SYSTEM32\WINHTTP.dll
0x00007ff8db0c0000 - 0x00007ff8db129000 	C:\WINDOWS\system32\mswsock.dll
0x00007ff893010000 - 0x00007ff893023000 	C:\Program Files\Android\Android Studio\jbr\bin\nio.dll
0x00007ff8c3ce0000 - 0x00007ff8c3d07000 	C:\Users\USUARIO\.gradle\native\e1d6ef7f7dcc3fd88c89a11ec53ec762bb8ba0a96d01ffa2cd45eb1d1d8dd5c5\windows-amd64\native-platform.dll
0x00007ff89e510000 - 0x00007ff89e654000 	C:\Users\USUARIO\.gradle\native\0d407fdbe67a94daf76414ababcb853783967236a71b16ec16e742cd7a986fd3\windows-amd64\native-platform-file-events.dll
0x00007ff8b0500000 - 0x00007ff8b050a000 	C:\Program Files\Android\Android Studio\jbr\bin\management.dll
0x00007ff8aea90000 - 0x00007ff8aea9b000 	C:\Program Files\Android\Android Studio\jbr\bin\management_ext.dll
0x00007ff8db320000 - 0x00007ff8db33b000 	C:\WINDOWS\SYSTEM32\CRYPTSP.dll
0x00007ff8dab50000 - 0x00007ff8dab85000 	C:\WINDOWS\system32\rsaenh.dll
0x00007ff8db1c0000 - 0x00007ff8db1e8000 	C:\WINDOWS\SYSTEM32\USERENV.dll
0x00007ff8db560000 - 0x00007ff8db588000 	C:\WINDOWS\SYSTEM32\bcrypt.dll
0x00007ff8db390000 - 0x00007ff8db39c000 	C:\WINDOWS\SYSTEM32\CRYPTBASE.dll
0x00007ff8da6d0000 - 0x00007ff8da6fd000 	C:\WINDOWS\SYSTEM32\IPHLPAPI.DLL
0x00007ff8dcf60000 - 0x00007ff8dcf69000 	C:\WINDOWS\System32\NSI.dll
0x00007ff8d4690000 - 0x00007ff8d46a9000 	C:\WINDOWS\SYSTEM32\dhcpcsvc6.DLL
0x00007ff8d44f0000 - 0x00007ff8d450f000 	C:\WINDOWS\SYSTEM32\dhcpcsvc.DLL
0x00007ff8da750000 - 0x00007ff8da843000 	C:\WINDOWS\SYSTEM32\DNSAPI.dll
0x00007ff881210000 - 0x00007ff881237000 	C:\Program Files\Android\Android Studio\jbr\bin\sunec.dll
0x00007ff8d4680000 - 0x00007ff8d468a000 	C:\Windows\System32\rasadhlp.dll
0x00007ff8d4220000 - 0x00007ff8d42a3000 	C:\WINDOWS\System32\fwpuclnt.dll
0x00007ff8dac00000 - 0x00007ff8dac34000 	C:\WINDOWS\SYSTEM32\ntmarta.dll

dbghelp: loaded successfully - version: 4.0.5 - missing functions: none
symbol engine: initialized successfully - sym options: 0x614 - pdb path: .;C:\Program Files\Android\Android Studio\jbr\bin;C:\WINDOWS\SYSTEM32;C:\WINDOWS\WinSxS\amd64_microsoft.windows.common-controls_6595b64144ccf1df_6.0.22621.608_none_a9444ca7c10bb01d;C:\Program Files\Android\Android Studio\jbr\bin\server;C:\Users\USUARIO\.gradle\native\e1d6ef7f7dcc3fd88c89a11ec53ec762bb8ba0a96d01ffa2cd45eb1d1d8dd5c5\windows-amd64;C:\Users\USUARIO\.gradle\native\0d407fdbe67a94daf76414ababcb853783967236a71b16ec16e742cd7a986fd3\windows-amd64

VM Arguments:
jvm_args: --add-opens=java.base/java.util=ALL-UNNAMED --add-opens=java.base/java.lang=ALL-UNNAMED --add-opens=java.base/java.lang.invoke=ALL-UNNAMED --add-opens=java.base/java.util=ALL-UNNAMED --add-opens=java.prefs/java.util.prefs=ALL-UNNAMED --add-opens=java.prefs/java.util.prefs=ALL-UNNAMED --add-opens=java.base/java.nio.charset=ALL-UNNAMED --add-opens=java.base/java.net=ALL-UNNAMED --add-opens=java.base/java.util.concurrent.atomic=ALL-UNNAMED -Xmx2048m -Dfile.encoding=UTF-8 -Duser.country=CO -Duser.language=es -Duser.variant 
java_command: org.gradle.launcher.daemon.bootstrap.GradleDaemon 7.5
java_class_path (initial): C:\Users\USUARIO\.gradle\wrapper\dists\gradle-7.5-bin\f1w0cc9nuo0eivz97x2xlu9sv\gradle-7.5\lib\gradle-launcher-7.5.jar
Launcher Type: SUN_STANDARD

[Global flags]
     intx CICompilerCount                          = 4                                         {product} {ergonomic}
     uint ConcGCThreads                            = 3                                         {product} {ergonomic}
     uint G1ConcRefinementThreads                  = 10                                        {product} {ergonomic}
   size_t G1HeapRegionSize                         = 1048576                                   {product} {ergonomic}
    uintx GCDrainStackTargetSize                   = 64                                        {product} {ergonomic}
   size_t InitialHeapSize                          = 56623104                                  {product} {ergonomic}
   size_t MarkStackSize                            = 4194304                                   {product} {ergonomic}
   size_t MaxHeapSize                              = 2147483648                                {product} {command line}
   size_t MaxNewSize                               = 1287651328                                {product} {ergonomic}
   size_t MinHeapDeltaBytes                        = 1048576                                   {product} {ergonomic}
    uintx NonNMethodCodeHeapSize                   = 5836300                                {pd product} {ergonomic}
    uintx NonProfiledCodeHeapSize                  = 122910970                              {pd product} {ergonomic}
    uintx ProfiledCodeHeapSize                     = 122910970                              {pd product} {ergonomic}
    uintx ReservedCodeCacheSize                    = 251658240                              {pd product} {ergonomic}
     bool SegmentedCodeCache                       = true                                      {product} {ergonomic}
     bool UseCompressedClassPointers               = true                                 {lp64_product} {ergonomic}
     bool UseCompressedOops                        = true                                 {lp64_product} {ergonomic}
     bool UseG1GC                                  = true                                      {product} {ergonomic}
     bool UseLargePagesIndividualAllocation        = false                                  {pd product} {ergonomic}

Logging:
Log output configuration:
 #0: stdout all=warning uptime,level,tags
 #1: stderr all=off uptime,level,tags

Environment Variables:
PATH=C:\Program Files\Common Files\Oracle\Java\javapath;C:\WINDOWS\system32;C:\WINDOWS;C:\WINDOWS\System32\Wbem;C:\WINDOWS\System32\WindowsPowerShell\v1.0\;C:\WINDOWS\System32\OpenSSH\;C:\Program Files\dotnet\;C:\Program Files\Git\cmd;C:\Program Files\MySQL\MySQL Shell 8.0\bin\;C:\Users\USUARIO\AppData\Local\Programs\Python\Python311\Scripts\;C:\Users\USUARIO\AppData\Local\Programs\Python\Python311\;C:\Users\USUARIO\AppData\Local\Microsoft\WindowsApps;;C:\Users\USUARIO\AppData\Local\Programs\Microsoft VS Code\bin
USERNAME=USUARIO
OS=Windows_NT
PROCESSOR_IDENTIFIER=AMD64 Family 23 Model 104 Stepping 1, AuthenticAMD



---------------  S Y S T E M  ---------------

OS: Windows 11 , 64 bit Build 22621 (10.0.22621.1344)
OS uptime: 5 days 3:03 hours
Hyper-V role detected

CPU:total 12 (initial active 12) (12 cores per cpu, 2 threads per core) family 23 model 104 stepping 1 microcode 0x0, cmov, cx8, fxsr, mmx, sse, sse2, sse3, ssse3, sse4.1, sse4.2, popcnt, avx, avx2, aes, clmul, mmxext, 3dnowpref, lzcnt, sse4a, ht, tsc, tscinvbit, tscinv, bmi1, bmi2, adx, sha, fma

Memory: 4k page, system-wide physical 3406M (155M free)
TotalPageFile size 13646M (AvailPageFile size 0M)
current process WorkingSet (physical memory assigned to process): 146M, peak: 542M
current process commit charge ("private bytes"): 676M, peak: 702M

vm_info: OpenJDK 64-Bit Server VM (11.0.15+0-b2043.56-9505619) for windows-amd64 JRE (11.0.15+0-b2043.56-9505619), built on Jan 19 2023 02:48:00 by "builduser" with unknown MS VC++:1929

END.
